#
# A fatal error has been detected by the Java Runtime Environment:
#
#  SIGSEGV (0xb) at pc=0x00007f1c09580547, pid=28077, tid=139758407612160
#
# JRE version: 6.0_26-b03
# Java VM: Java HotSpot(TM) 64-Bit Server VM (20.1-b02 mixed mode linux-amd64 compressed oops)
# Problematic frame:
# C  [libGL.so.1+0x1e547]  __float128+0x7
#
# If you would like to submit a bug report, please visit:
#   http://java.sun.com/webapps/bugreport/crash.jsp
# The crash happened outside the Java Virtual Machine in native code.
# See problematic frame for where to report the bug.
#

---------------  T H R E A D  ---------------

Current thread (0x00007f1c00021800):  JavaThread "Animation Thread-SharedResourceRunner" daemon [_thread_in_native, id=28114, stack(0x00007f1c0a2d7000,0x00007f1c0a3d8000)]

siginfo:si_signo=SIGSEGV: si_errno=0, si_code=1 (SEGV_MAPERR), si_addr=0x0000000000000098

Registers:
RAX=0x0000000000000000, RBX=0x00000000bef607c0, RCX=0x0000000000000000, RDX=0x0000000000008014
RSP=0x00007f1c0a3d61b0, RBP=0x00007f1c0a3d6210, RSI=0x0000000000000000, RDI=0x00007f1c04036500
R8 =0x0000000000000001, R9 =0x00007f1c09580540, R10=0x00007f1c31010d41, R11=0x00007f1c3aa2d170
R12=0x0000000000000000, R13=0x00000000bef607c0, R14=0x00007f1c0a3d6320, R15=0x00007f1c00021800
RIP=0x00007f1c09580547, EFLAGS=0x0000000000010202, CSGSFS=0x0000000000000033, ERR=0x0000000000000004
  TRAPNO=0x000000000000000e

Top of Stack: (sp=0x00007f1c0a3d61b0)
0x00007f1c0a3d61b0:   00007f1c00000004 00007f1c180e1e38
0x00007f1c0a3d61c0:   00007f1c00021800 00007f1c088ffa96
0x00007f1c0a3d61d0:   0000000000000000 0000801400000001
0x00007f1c0a3d61e0:   0000000000000000 00007f1c04036500
0x00007f1c0a3d61f0:   00007f1c0a3d62c8 00007f1c000219d0
0x00007f1c0a3d6200:   00007f1c09580540 00007f1c31010c06
0x00007f1c0a3d6210:   00007f1c0a3d62b8 00007f1c31010d6e
0x00007f1c0a3d6220:   00007f1c00000001 00007f1c09580540
0x00007f1c0a3d6230:   00007f1c31004dd0 00007f1c00000000
0x00007f1c0a3d6240:   00007f1c0a3d6368 00007f1c0a3d62d8
0x00007f1c0a3d6250:   00007f1c0a3d6368 00007f1c0a3d62d8
0x00007f1c0a3d6260:   00007f1c0a3d6300 00007f1c00021800
0x00007f1c0a3d6270:   00007f1c00021800 00007f1c0a3d6278
0x00007f1c0a3d6280:   00000000bef607c0 00007f1c0a3d6320
0x00007f1c0a3d6290:   00000000bef666b8 0000000000000000
0x00007f1c0a3d62a0:   00000000bef607c0 0000000000000000
0x00007f1c0a3d62b0:   00007f1c0a3d62d8 00007f1c0a3d6368
0x00007f1c0a3d62c0:   00007f1c310059b3 00000000bef66650
0x00007f1c0a3d62d0:   00007f1c3100df57 00007f1c09580540
0x00007f1c0a3d62e0:   0000000000000000 0000000000000001
0x00007f1c0a3d62f0:   0000000000000000 00007f1c00021800
0x00007f1c0a3d6300:   0000000000008014 0000000000000000
0x00007f1c0a3d6310:   00000000bf024ad8 00007f1c04036500
0x00007f1c0a3d6320:   00000000ebe5e6f8 00007f1c0a3d6328
0x00007f1c0a3d6330:   00000000bef606e3 00007f1c0a3d63c0
0x00007f1c0a3d6340:   00000000bef666b8 0000000000000000
0x00007f1c0a3d6350:   00000000bef606f0 00007f1c0a3d62d8
0x00007f1c0a3d6360:   00007f1c0a3d6388 00007f1c0a3d6408
0x00007f1c0a3d6370:   00007f1c310059b3 00007f1c09580540
0x00007f1c0a3d6380:   0000000000000000 0000000000000001
0x00007f1c0a3d6390:   0000000000000000 00007f1c0a3d63b0
0x00007f1c0a3d63a0:   0000000000008014 0000000000000000 

Instructions: (pc=0x00007f1c09580547)
0x00007f1c09580527:   e8 d4 2b 00 00 48 85 c0 49 89 c7 0f 85 12 fe ff
0x00007f1c09580537:   ff e9 7d fe ff ff 0f 1f 00 48 89 f0 48 83 ec 18
0x00007f1c09580547:   8b b6 98 00 00 00 44 8b 88 b8 00 00 00 89 14 24
0x00007f1c09580557:   48 89 c2 44 89 4c 24 08 41 b9 18 00 00 00 e8 46 

Register to memory mapping:

RAX=0x0000000000000000 is an unknown value
RBX=0x00000000bef607c0 is an oop
{method} 
 - klass: {other class}
RCX=0x0000000000000000 is an unknown value
RDX=0x0000000000008014 is an unknown value
RSP=0x00007f1c0a3d61b0 is pointing into the stack for thread: 0x00007f1c00021800
RBP=0x00007f1c0a3d6210 is pointing into the stack for thread: 0x00007f1c00021800
RSI=0x0000000000000000 is an unknown value
RDI=0x00007f1c04036500 is an unknown value
R8 =0x0000000000000001 is an unknown value
R9 =0x00007f1c09580540: glXCreateNewContext+0 in /usr/lib/x86_64-linux-gnu/mesa/libGL.so.1 at 0x00007f1c09562000
R10=0x00007f1c31010d41 is an Interpreter codelet
method entry point (kind = native)  [0x00007f1c31010ae0, 0x00007f1c31011320]  2112 bytes
R11=0x00007f1c3aa2d170: <offset 0x789170> in /usr/lib/jvm/java-6-sun-1.6.0.26/jre/lib/amd64/server/libjvm.so at 0x00007f1c3a2a4000
R12=0x0000000000000000 is an unknown value
R13=0x00000000bef607c0 is an oop
{method} 
 - klass: {other class}
R14=0x00007f1c0a3d6320 is pointing into the stack for thread: 0x00007f1c00021800
R15=0x00007f1c00021800 is a thread


Stack: [0x00007f1c0a2d7000,0x00007f1c0a3d8000],  sp=0x00007f1c0a3d61b0,  free space=1020k
Native frames: (J=compiled Java code, j=interpreted, Vv=VM code, C=native code)
C  [libGL.so.1+0x1e547]  __float128+0x7
j  jogamp.opengl.x11.glx.GLX.dispatch_glXCreateNewContext0(JJIJZJ)J+0
j  jogamp.opengl.x11.glx.GLX.glXCreateNewContext(JJIJZ)J+35
j  jogamp.opengl.x11.glx.X11GLXContext.createImpl(Ljogamp/opengl/GLContextImpl;)Z+499
j  jogamp.opengl.GLContextImpl.makeCurrentWithinLock(I)I+47
j  jogamp.opengl.GLContextImpl.makeCurrent()I+227
j  jogamp.opengl.x11.glx.X11GLXDrawableFactory$SharedResourceImplementation.createSharedResource(Ljava/lang/String;)Ljogamp/opengl/SharedResourceRunner$Resource;+237
j  jogamp.opengl.SharedResourceRunner.run()V+270
j  java.lang.Thread.run()V+11
v  ~StubRoutines::call_stub
V  [libjvm.so+0x4df5c0]  JavaCalls::call_helper(JavaValue*, methodHandle*, JavaCallArguments*, Thread*)+0x1e0
V  [libjvm.so+0x70f629]  os::os_exception_wrapper(void (*)(JavaValue*, methodHandle*, JavaCallArguments*, Thread*), JavaValue*, methodHandle*, JavaCallArguments*, Thread*)+0x19
V  [libjvm.so+0x4def06]  JavaCalls::call_virtual(JavaValue*, KlassHandle, symbolHandle, symbolHandle, JavaCallArguments*, Thread*)+0x126
V  [libjvm.so+0x4defb7]  JavaCalls::call_virtual(JavaValue*, Handle, KlassHandle, symbolHandle, symbolHandle, Thread*)+0x47
V  [libjvm.so+0x572ce0]  thread_entry(JavaThread*, Thread*)+0xa0
V  [libjvm.so+0x8190f1]  JavaThread::run()+0x121
V  [libjvm.so+0x710adf]  java_start(Thread*)+0x13f

Java frames: (J=compiled Java code, j=interpreted, Vv=VM code)
j  jogamp.opengl.x11.glx.GLX.dispatch_glXCreateNewContext0(JJIJZJ)J+0
j  jogamp.opengl.x11.glx.GLX.glXCreateNewContext(JJIJZ)J+35
j  jogamp.opengl.x11.glx.X11GLXContext.createImpl(Ljogamp/opengl/GLContextImpl;)Z+499
j  jogamp.opengl.GLContextImpl.makeCurrentWithinLock(I)I+47
j  jogamp.opengl.GLContextImpl.makeCurrent()I+227
j  jogamp.opengl.x11.glx.X11GLXDrawableFactory$SharedResourceImplementation.createSharedResource(Ljava/lang/String;)Ljogamp/opengl/SharedResourceRunner$Resource;+237
j  jogamp.opengl.SharedResourceRunner.run()V+270
j  java.lang.Thread.run()V+11
v  ~StubRoutines::call_stub

---------------  P R O C E S S  ---------------

Java Threads: ( => current thread )
=>0x00007f1c00021800 JavaThread "Animation Thread-SharedResourceRunner" daemon [_thread_in_native, id=28114, stack(0x00007f1c0a2d7000,0x00007f1c0a3d8000)]
  0x00007f1bf0069000 JavaThread "Animation Thread" [_thread_blocked, id=28100, stack(0x00007f1c0a3d8000,0x00007f1c0a4d9000)]
  0x00007f1c34008800 JavaThread "DestroyJavaVM" [_thread_blocked, id=28079, stack(0x00007f1c39ea7000,0x00007f1c39fa8000)]
  0x00007f1c34273000 JavaThread "AWT-EventQueue-0" [_thread_blocked, id=28095, stack(0x00007f1c0a9ef000,0x00007f1c0aaf0000)]
  0x00007f1c342c1800 JavaThread "AWT-Shutdown" [_thread_blocked, id=28094, stack(0x00007f1c0aaf0000,0x00007f1c0abf1000)]
  0x00007f1c34254800 JavaThread "AWT-XAWT" daemon [_thread_in_native, id=28093, stack(0x00007f1c0ae10000,0x00007f1c0af11000)]
  0x00007f1c341e3000 JavaThread "Java2D Disposer" daemon [_thread_blocked, id=28092, stack(0x00007f1c0b52b000,0x00007f1c0b62c000)]
  0x00007f1c3408e800 JavaThread "Low Memory Detector" daemon [_thread_blocked, id=28090, stack(0x00007f1c30bfc000,0x00007f1c30cfd000)]
  0x00007f1c3408c000 JavaThread "C2 CompilerThread1" daemon [_thread_blocked, id=28089, stack(0x00007f1c30cfd000,0x00007f1c30dfe000)]
  0x00007f1c34089800 JavaThread "C2 CompilerThread0" daemon [_thread_blocked, id=28088, stack(0x00007f1c30dfe000,0x00007f1c30eff000)]
  0x00007f1c34087800 JavaThread "Signal Dispatcher" daemon [_thread_blocked, id=28087, stack(0x00007f1c30eff000,0x00007f1c31000000)]
  0x00007f1c3406b000 JavaThread "Finalizer" daemon [_thread_blocked, id=28086, stack(0x00007f1c3838f000,0x00007f1c38490000)]
  0x00007f1c34069000 JavaThread "Reference Handler" daemon [_thread_blocked, id=28085, stack(0x00007f1c38490000,0x00007f1c38591000)]

Other Threads:
  0x00007f1c34062800 VMThread [stack: 0x00007f1c38591000,0x00007f1c38692000] [id=28084]
  0x00007f1c34099000 WatcherThread [stack: 0x00007f1c30afb000,0x00007f1c30bfc000] [id=28091]

VM state:not at safepoint (normal execution)

VM Mutex/Monitor currently owned by a thread: None

Heap
 PSYoungGen      total 18368K, used 11094K [0x00000000eb8b0000, 0x00000000edc90000, 0x0000000100000000)
  eden space 15808K, 54% used [0x00000000eb8b0000,0x00000000ec10bb28,0x00000000ec820000)
  from space 2560K, 99% used [0x00000000ec820000,0x00000000eca99de8,0x00000000ecaa0000)
  to   space 2560K, 0% used [0x00000000eda10000,0x00000000eda10000,0x00000000edc90000)
 PSOldGen        total 41856K, used 500K [0x00000000c2a00000, 0x00000000c52e0000, 0x00000000eb8b0000)
  object space 41856K, 1% used [0x00000000c2a00000,0x00000000c2a7d190,0x00000000c52e0000)
 PSPermGen       total 24896K, used 24795K [0x00000000bd800000, 0x00000000bf050000, 0x00000000c2a00000)
  object space 24896K, 99% used [0x00000000bd800000,0x00000000bf036e38,0x00000000bf050000)

Code Cache  [0x00007f1c31000000, 0x00007f1c31270000, 0x00007f1c34000000)
 total_blobs=867 nmethods=65 adapters=756 free_code_cache=49446080 largest_free_block=6464

Dynamic libraries:
40000000-40009000 r-xp 00000000 08:05 283047                             /usr/lib/jvm/java-6-sun-1.6.0.26/jre/bin/java
40108000-4010a000 rwxp 00008000 08:05 283047                             /usr/lib/jvm/java-6-sun-1.6.0.26/jre/bin/java
41892000-418f8000 rwxp 00000000 00:00 0                                  [heap]
bd800000-bf050000 rwxp 00000000 00:00 0 
bf050000-c2a00000 rwxp 00000000 00:00 0 
c2a00000-c52e0000 rwxp 00000000 00:00 0 
c52e0000-eb8b0000 rwxp 00000000 00:00 0 
eb8b0000-edc90000 rwxp 00000000 00:00 0 
edc90000-100000000 rwxp 00000000 00:00 0 
7f1bece87000-7f1bece88000 ---p 00000000 00:00 0 
7f1bece88000-7f1bed688000 rwxp 00000000 00:00 0 
7f1bed688000-7f1bed689000 ---p 00000000 00:00 0 
7f1bed689000-7f1bede89000 rwxp 00000000 00:00 0 
7f1bede89000-7f1bede8b000 r-xp 00000000 08:05 159368                     /usr/lib/x86_64-linux-gnu/libXinerama.so.1.0.0
7f1bede8b000-7f1bee08a000 ---p 00002000 08:05 159368                     /usr/lib/x86_64-linux-gnu/libXinerama.so.1.0.0
7f1bee08a000-7f1bee08b000 r-xp 00001000 08:05 159368                     /usr/lib/x86_64-linux-gnu/libXinerama.so.1.0.0
7f1bee08b000-7f1bee08c000 rwxp 00002000 08:05 159368                     /usr/lib/x86_64-linux-gnu/libXinerama.so.1.0.0
7f1bee08c000-7f1bee08d000 ---p 00000000 00:00 0 
7f1bee08d000-7f1bee88d000 rwxp 00000000 00:00 0 
7f1bee88d000-7f1bee88e000 ---p 00000000 00:00 0 
7f1bee88e000-7f1bef08e000 rwxp 00000000 00:00 0 
7f1bef08e000-7f1bef1b4000 r-xp 00000000 08:05 528075                     /usr/lib/x86_64-linux-gnu/dri/libglsl.so
7f1bef1b4000-7f1bef3b3000 ---p 00126000 08:05 528075                     /usr/lib/x86_64-linux-gnu/dri/libglsl.so
7f1bef3b3000-7f1bef3bc000 r-xp 00125000 08:05 528075                     /usr/lib/x86_64-linux-gnu/dri/libglsl.so
7f1bef3bc000-7f1bef3bf000 rwxp 0012e000 08:05 528075                     /usr/lib/x86_64-linux-gnu/dri/libglsl.so
7f1bef3bf000-7f1bef3c0000 rwxp 00000000 00:00 0 
7f1bef3c0000-7f1bef59b000 r-xp 00000000 08:05 521952                     /usr/lib/x86_64-linux-gnu/dri/libgallium.so
7f1bef59b000-7f1bef79b000 ---p 001db000 08:05 521952                     /usr/lib/x86_64-linux-gnu/dri/libgallium.so
7f1bef79b000-7f1bef7aa000 r-xp 001db000 08:05 521952                     /usr/lib/x86_64-linux-gnu/dri/libgallium.so
7f1bef7aa000-7f1bef7ac000 rwxp 001ea000 08:05 521952                     /usr/lib/x86_64-linux-gnu/dri/libgallium.so
7f1bef7ac000-7f1bef974000 rwxp 00000000 00:00 0 
7f1bef974000-7f1bef99b000 r-xp 00000000 08:05 663730                     /lib/x86_64-linux-gnu/libexpat.so.1.5.2
7f1bef99b000-7f1befb9b000 ---p 00027000 08:05 663730                     /lib/x86_64-linux-gnu/libexpat.so.1.5.2
7f1befb9b000-7f1befb9d000 r-xp 00027000 08:05 663730                     /lib/x86_64-linux-gnu/libexpat.so.1.5.2
7f1befb9d000-7f1befb9e000 rwxp 00029000 08:05 663730                     /lib/x86_64-linux-gnu/libexpat.so.1.5.2
7f1befb9e000-7f1befddd000 r-xp 00000000 08:05 528076                     /usr/lib/x86_64-linux-gnu/dri/libdricore.so
7f1befddd000-7f1beffdd000 ---p 0023f000 08:05 528076                     /usr/lib/x86_64-linux-gnu/dri/libdricore.so
7f1beffdd000-7f1beffe7000 r-xp 0023f000 08:05 528076                     /usr/lib/x86_64-linux-gnu/dri/libdricore.so
7f1beffe7000-7f1beffea000 rwxp 00249000 08:05 528076                     /usr/lib/x86_64-linux-gnu/dri/libdricore.so
7f1beffea000-7f1bf0000000 rwxp 00000000 00:00 0 
7f1bf0000000-7f1bf01b8000 rwxp 00000000 00:00 0 
7f1bf01b8000-7f1bf4000000 ---p 00000000 00:00 0 
7f1bf4068000-7f1bf4168000 rwxp 00000000 00:00 0 
7f1bf4168000-7f1bf42ee000 r-xp 00000000 08:05 521955                     /usr/lib/x86_64-linux-gnu/dri/swrast_dri.so
7f1bf42ee000-7f1bf44ed000 ---p 00186000 08:05 521955                     /usr/lib/x86_64-linux-gnu/dri/swrast_dri.so
7f1bf44ed000-7f1bf44fc000 r-xp 00185000 08:05 521955                     /usr/lib/x86_64-linux-gnu/dri/swrast_dri.so
7f1bf44fc000-7f1bf44fe000 rwxp 00194000 08:05 521955                     /usr/lib/x86_64-linux-gnu/dri/swrast_dri.so
7f1bf44fe000-7f1bf47c9000 rwxp 00000000 00:00 0 
7f1bf47c9000-7f1bf47de000 r-xp 00000000 08:05 660275                     /lib/x86_64-linux-gnu/libgcc_s.so.1
7f1bf47de000-7f1bf49dd000 ---p 00015000 08:05 660275                     /lib/x86_64-linux-gnu/libgcc_s.so.1
7f1bf49dd000-7f1bf49de000 r-xp 00014000 08:05 660275                     /lib/x86_64-linux-gnu/libgcc_s.so.1
7f1bf49de000-7f1bf49df000 rwxp 00015000 08:05 660275                     /lib/x86_64-linux-gnu/libgcc_s.so.1
7f1bf49df000-7f1bf4ac1000 r-xp 00000000 08:05 148815                     /usr/lib/x86_64-linux-gnu/libstdc++.so.6.0.16
7f1bf4ac1000-7f1bf4cc0000 ---p 000e2000 08:05 148815                     /usr/lib/x86_64-linux-gnu/libstdc++.so.6.0.16
7f1bf4cc0000-7f1bf4cc8000 r-xp 000e1000 08:05 148815                     /usr/lib/x86_64-linux-gnu/libstdc++.so.6.0.16
7f1bf4cc8000-7f1bf4cca000 rwxp 000e9000 08:05 148815                     /usr/lib/x86_64-linux-gnu/libstdc++.so.6.0.16
7f1bf4cca000-7f1bf4cdf000 rwxp 00000000 00:00 0 
7f1bf4cdf000-7f1bf5fba000 r-xp 00000000 08:05 160204                     /usr/lib/x86_64-linux-gnu/libLLVM-3.0.so.1
7f1bf5fba000-7f1bf61ba000 ---p 012db000 08:05 160204                     /usr/lib/x86_64-linux-gnu/libLLVM-3.0.so.1
7f1bf61ba000-7f1bf6333000 r-xp 012db000 08:05 160204                     /usr/lib/x86_64-linux-gnu/libLLVM-3.0.so.1
7f1bf6333000-7f1bf6447000 rwxp 01454000 08:05 160204                     /usr/lib/x86_64-linux-gnu/libLLVM-3.0.so.1
7f1bf6447000-7f1bf645b000 rwxp 00000000 00:00 0 
7f1bf645b000-7f1bf6460000 r-xp 00000000 08:05 133883                     /usr/lib/x86_64-linux-gnu/libdrm_nouveau.so.1.0.0
7f1bf6460000-7f1bf665f000 ---p 00005000 08:05 133883                     /usr/lib/x86_64-linux-gnu/libdrm_nouveau.so.1.0.0
7f1bf665f000-7f1bf6660000 r-xp 00004000 08:05 133883                     /usr/lib/x86_64-linux-gnu/libdrm_nouveau.so.1.0.0
7f1bf6660000-7f1bf6661000 rwxp 00005000 08:05 133883                     /usr/lib/x86_64-linux-gnu/libdrm_nouveau.so.1.0.0
7f1bf6661000-7f1bf6668000 r-xp 00000000 08:05 135143                     /usr/lib/x86_64-linux-gnu/mesa-egl/libOpenVG.so.1.0.0
7f1bf6668000-7f1bf6868000 ---p 00007000 08:05 135143                     /usr/lib/x86_64-linux-gnu/mesa-egl/libOpenVG.so.1.0.0
7f1bf6868000-7f1bf6869000 r-xp 00007000 08:05 135143                     /usr/lib/x86_64-linux-gnu/mesa-egl/libOpenVG.so.1.0.0
7f1bf6869000-7f1bf686a000 rwxp 00008000 08:05 135143                     /usr/lib/x86_64-linux-gnu/mesa-egl/libOpenVG.so.1.0.0
7f1bf686a000-7f1bf686c000 rwxp 00000000 00:00 0 
7f1bf686c000-7f1bf6e9a000 r-xp 00000000 08:05 134169                     /usr/lib/x86_64-linux-gnu/egl/egl_gallium.so
7f1bf6e9a000-7f1bf7099000 ---p 0062e000 08:05 134169                     /usr/lib/x86_64-linux-gnu/egl/egl_gallium.so
7f1bf7099000-7f1bf70ba000 r-xp 0062d000 08:05 134169                     /usr/lib/x86_64-linux-gnu/egl/egl_gallium.so
7f1bf70ba000-7f1bf70c7000 rwxp 0064e000 08:05 134169                     /usr/lib/x86_64-linux-gnu/egl/egl_gallium.so
7f1bf70c7000-7f1bf73aa000 rwxp 00000000 00:00 0 
7f1bf73aa000-7f1bf73ae000 r-xp 00000000 08:05 134339                     /usr/lib/x86_64-linux-gnu/mesa-egl/libGLESv2.so.2.0.0
7f1bf73ae000-7f1bf75ad000 ---p 00004000 08:05 134339                     /usr/lib/x86_64-linux-gnu/mesa-egl/libGLESv2.so.2.0.0
7f1bf75ad000-7f1bf75ae000 r-xp 00003000 08:05 134339                     /usr/lib/x86_64-linux-gnu/mesa-egl/libGLESv2.so.2.0.0
7f1bf75ae000-7f1bf75af000 rwxp 00004000 08:05 134339                     /usr/lib/x86_64-linux-gnu/mesa-egl/libGLESv2.so.2.0.0
7f1bf75af000-7f1bf75dc000 r-xp 00000000 08:05 273947                     /tmp/jogamp_0000/file_cache/jln9023697746966885388/jln3523151123467545548/libjogl_mobile.so
7f1bf75dc000-7f1bf77db000 ---p 0002d000 08:05 273947                     /tmp/jogamp_0000/file_cache/jln9023697746966885388/jln3523151123467545548/libjogl_mobile.so
7f1bf77db000-7f1bf77dc000 r-xp 0002c000 08:05 273947                     /tmp/jogamp_0000/file_cache/jln9023697746966885388/jln3523151123467545548/libjogl_mobile.so
7f1bf77dc000-7f1bf77dd000 rwxp 0002d000 08:05 273947                     /tmp/jogamp_0000/file_cache/jln9023697746966885388/jln3523151123467545548/libjogl_mobile.so
7f1bf77dd000-7f1bf77e4000 r-xp 00000000 08:05 139977                     /usr/lib/x86_64-linux-gnu/libffi.so.6.0.0
7f1bf77e4000-7f1bf79e3000 ---p 00007000 08:05 139977                     /usr/lib/x86_64-linux-gnu/libffi.so.6.0.0
7f1bf79e3000-7f1bf79e4000 r-xp 00006000 08:05 139977                     /usr/lib/x86_64-linux-gnu/libffi.so.6.0.0
7f1bf79e4000-7f1bf79e5000 rwxp 00007000 08:05 139977                     /usr/lib/x86_64-linux-gnu/libffi.so.6.0.0
7f1bf79e5000-7f1bf79e9000 r-xp 00000000 08:05 139864                     /usr/lib/x86_64-linux-gnu/libgbm.so.1.0
7f1bf79e9000-7f1bf7be8000 ---p 00004000 08:05 139864                     /usr/lib/x86_64-linux-gnu/libgbm.so.1.0
7f1bf7be8000-7f1bf7be9000 r-xp 00003000 08:05 139864                     /usr/lib/x86_64-linux-gnu/libgbm.so.1.0
7f1bf7be9000-7f1bf7bea000 rwxp 00004000 08:05 139864                     /usr/lib/x86_64-linux-gnu/libgbm.so.1.0
7f1bf7bea000-7f1bf7bf5000 r-xp 00000000 08:05 137727                     /usr/lib/x86_64-linux-gnu/libwayland-server.so.0.0.0
7f1bf7bf5000-7f1bf7df5000 ---p 0000b000 08:05 137727                     /usr/lib/x86_64-linux-gnu/libwayland-server.so.0.0.0
7f1bf7df5000-7f1bf7df6000 r-xp 0000b000 08:05 137727                     /usr/lib/x86_64-linux-gnu/libwayland-server.so.0.0.0
7f1bf7df6000-7f1bf7df7000 rwxp 0000c000 08:05 137727                     /usr/lib/x86_64-linux-gnu/libwayland-server.so.0.0.0
7f1bf7df7000-7f1bf7dfe000 r-xp 00000000 08:05 137723                     /usr/lib/x86_64-linux-gnu/libwayland-client.so.0.0.0
7f1bf7dfe000-7f1bf7ffe000 ---p 00007000 08:05 137723                     /usr/lib/x86_64-linux-gnu/libwayland-client.so.0.0.0
7f1bf7ffe000-7f1bf7fff000 r-xp 00007000 08:05 137723                     /usr/lib/x86_64-linux-gnu/libwayland-client.so.0.0.0
7f1bf7fff000-7f1bf8000000 rwxp 00008000 08:05 137723                     /usr/lib/x86_64-linux-gnu/libwayland-client.so.0.0.0
7f1bf8000000-7f1bf8021000 rwxp 00000000 00:00 0 
7f1bf8021000-7f1bfc000000 ---p 00000000 00:00 0 
7f1bfc000000-7f1bfc021000 rwxp 00000000 00:00 0 
7f1bfc021000-7f1c00000000 ---p 00000000 00:00 0 
7f1c00000000-7f1c00334000 rwxp 00000000 00:00 0 
7f1c00334000-7f1c04000000 ---p 00000000 00:00 0 
7f1c04000000-7f1c04540000 rwxp 00000000 00:00 0 
7f1c04540000-7f1c08000000 ---p 00000000 00:00 0 
7f1c08051000-7f1c0805d000 r-xp 00000000 08:05 659866                     /lib/x86_64-linux-gnu/libudev.so.0.13.0
7f1c0805d000-7f1c0825c000 ---p 0000c000 08:05 659866                     /lib/x86_64-linux-gnu/libudev.so.0.13.0
7f1c0825c000-7f1c0825d000 r-xp 0000b000 08:05 659866                     /lib/x86_64-linux-gnu/libudev.so.0.13.0
7f1c0825d000-7f1c0825e000 rwxp 0000c000 08:05 659866                     /lib/x86_64-linux-gnu/libudev.so.0.13.0
7f1c0825e000-7f1c08263000 r-xp 00000000 08:05 140568                     /usr/lib/x86_64-linux-gnu/libxcb-xfixes.so.0.0.0
7f1c08263000-7f1c08463000 ---p 00005000 08:05 140568                     /usr/lib/x86_64-linux-gnu/libxcb-xfixes.so.0.0.0
7f1c08463000-7f1c08464000 r-xp 00005000 08:05 140568                     /usr/lib/x86_64-linux-gnu/libxcb-xfixes.so.0.0.0
7f1c08464000-7f1c08465000 rwxp 00006000 08:05 140568                     /usr/lib/x86_64-linux-gnu/libxcb-xfixes.so.0.0.0
7f1c08465000-7f1c08468000 r-xp 00000000 08:05 138035                     /usr/lib/x86_64-linux-gnu/libxcb-dri2.so.0.0.0
7f1c08468000-7f1c08668000 ---p 00003000 08:05 138035                     /usr/lib/x86_64-linux-gnu/libxcb-dri2.so.0.0.0
7f1c08668000-7f1c08669000 r-xp 00003000 08:05 138035                     /usr/lib/x86_64-linux-gnu/libxcb-dri2.so.0.0.0
7f1c08669000-7f1c0866a000 rwxp 00004000 08:05 138035                     /usr/lib/x86_64-linux-gnu/libxcb-dri2.so.0.0.0
7f1c0866a000-7f1c08687000 r-xp 00000000 08:05 135150                     /usr/lib/x86_64-linux-gnu/mesa-egl/libEGL.so.1.0
7f1c08687000-7f1c08887000 ---p 0001d000 08:05 135150                     /usr/lib/x86_64-linux-gnu/mesa-egl/libEGL.so.1.0
7f1c08887000-7f1c08888000 r-xp 0001d000 08:05 135150                     /usr/lib/x86_64-linux-gnu/mesa-egl/libEGL.so.1.0
7f1c08888000-7f1c08889000 rwxp 0001e000 08:05 135150                     /usr/lib/x86_64-linux-gnu/mesa-egl/libEGL.so.1.0
7f1c08889000-7f1c08915000 r-xp 00000000 08:05 273945                     /tmp/jogamp_0000/file_cache/jln9023697746966885388/jln3523151123467545548/libjogl_desktop.so
7f1c08915000-7f1c08b14000 ---p 0008c000 08:05 273945                     /tmp/jogamp_0000/file_cache/jln9023697746966885388/jln3523151123467545548/libjogl_desktop.so
7f1c08b14000-7f1c08b15000 r-xp 0008b000 08:05 273945                     /tmp/jogamp_0000/file_cache/jln9023697746966885388/jln3523151123467545548/libjogl_desktop.so
7f1c08b15000-7f1c08b16000 rwxp 0008c000 08:05 273945                     /tmp/jogamp_0000/file_cache/jln9023697746966885388/jln3523151123467545548/libjogl_desktop.so
7f1c08b16000-7f1c08b20000 r-xp 00000000 08:05 133887                     /usr/lib/x86_64-linux-gnu/libdrm.so.2.4.0
7f1c08b20000-7f1c08d1f000 ---p 0000a000 08:05 133887                     /usr/lib/x86_64-linux-gnu/libdrm.so.2.4.0
7f1c08d1f000-7f1c08d20000 r-xp 00009000 08:05 133887                     /usr/lib/x86_64-linux-gnu/libdrm.so.2.4.0
7f1c08d20000-7f1c08d21000 rwxp 0000a000 08:05 133887                     /usr/lib/x86_64-linux-gnu/libdrm.so.2.4.0
7f1c08d21000-7f1c08d36000 r-xp 00000000 08:05 138216                     /usr/lib/x86_64-linux-gnu/libxcb-glx.so.0.0.0
7f1c08d36000-7f1c08f35000 ---p 00015000 08:05 138216                     /usr/lib/x86_64-linux-gnu/libxcb-glx.so.0.0.0
7f1c08f35000-7f1c08f37000 r-xp 00014000 08:05 138216                     /usr/lib/x86_64-linux-gnu/libxcb-glx.so.0.0.0
7f1c08f37000-7f1c08f38000 rwxp 00016000 08:05 138216                     /usr/lib/x86_64-linux-gnu/libxcb-glx.so.0.0.0
7f1c08f38000-7f1c08f39000 r-xp 00000000 08:05 141537                     /usr/lib/x86_64-linux-gnu/libX11-xcb.so.1.0.0
7f1c08f39000-7f1c09138000 ---p 00001000 08:05 141537                     /usr/lib/x86_64-linux-gnu/libX11-xcb.so.1.0.0
7f1c09138000-7f1c09139000 r-xp 00000000 08:05 141537                     /usr/lib/x86_64-linux-gnu/libX11-xcb.so.1.0.0
7f1c09139000-7f1c0913a000 rwxp 00001000 08:05 141537                     /usr/lib/x86_64-linux-gnu/libX11-xcb.so.1.0.0
7f1c0913a000-7f1c0913c000 r-xp 00000000 08:05 141772                     /usr/lib/x86_64-linux-gnu/libXdamage.so.1.1.0
7f1c0913c000-7f1c0933b000 ---p 00002000 08:05 141772                     /usr/lib/x86_64-linux-gnu/libXdamage.so.1.1.0
7f1c0933b000-7f1c0933c000 r-xp 00001000 08:05 141772                     /usr/lib/x86_64-linux-gnu/libXdamage.so.1.1.0
7f1c0933c000-7f1c0933d000 rwxp 00002000 08:05 141772                     /usr/lib/x86_64-linux-gnu/libXdamage.so.1.1.0
7f1c0933d000-7f1c0935e000 r-xp 00000000 08:05 137577                     /usr/lib/x86_64-linux-gnu/libglapi.so.0.0.0
7f1c0935e000-7f1c0955d000 ---p 00021000 08:05 137577                     /usr/lib/x86_64-linux-gnu/libglapi.so.0.0.0
7f1c0955d000-7f1c09560000 r-xp 00020000 08:05 137577                     /usr/lib/x86_64-linux-gnu/libglapi.so.0.0.0
7f1c09560000-7f1c09561000 rwxp 00023000 08:05 137577                     /usr/lib/x86_64-linux-gnu/libglapi.so.0.0.0
7f1c09561000-7f1c09562000 rwxp 00000000 00:00 0 
7f1c09562000-7f1c095bf000 r-xp 00000000 08:05 133304                     /usr/lib/x86_64-linux-gnu/mesa/libGL.so.1.2
7f1c095bf000-7f1c097be000 ---p 0005d000 08:05 133304                     /usr/lib/x86_64-linux-gnu/mesa/libGL.so.1.2
7f1c097be000-7f1c097c0000 r-xp 0005c000 08:05 133304                     /usr/lib/x86_64-linux-gnu/mesa/libGL.so.1.2
7f1c097c0000-7f1c097c1000 rwxp 0005e000 08:05 133304                     /usr/lib/x86_64-linux-gnu/mesa/libGL.so.1.2
7f1c097c1000-7f1c097c2000 rwxp 00000000 00:00 0 
7f1c097c2000-7f1c097c6000 r-xp 00000000 08:05 159417                     /usr/lib/x86_64-linux-gnu/libXxf86vm.so.1.0.0
7f1c097c6000-7f1c099c5000 ---p 00004000 08:05 159417                     /usr/lib/x86_64-linux-gnu/libXxf86vm.so.1.0.0
7f1c099c5000-7f1c099c6000 r-xp 00003000 08:05 159417                     /usr/lib/x86_64-linux-gnu/libXxf86vm.so.1.0.0
7f1c099c6000-7f1c099c7000 rwxp 00004000 08:05 159417                     /usr/lib/x86_64-linux-gnu/libXxf86vm.so.1.0.0
7f1c099c7000-7f1c099cd000 r-xp 00000000 08:05 274012                     /tmp/jogamp_0000/file_cache/jln9023697746966885388/jln3523151123467545548/libnativewindow_x11.so
7f1c099cd000-7f1c09bcc000 ---p 00006000 08:05 274012                     /tmp/jogamp_0000/file_cache/jln9023697746966885388/jln3523151123467545548/libnativewindow_x11.so
7f1c09bcc000-7f1c09bcd000 r-xp 00005000 08:05 274012                     /tmp/jogamp_0000/file_cache/jln9023697746966885388/jln3523151123467545548/libnativewindow_x11.so
7f1c09bcd000-7f1c09bce000 rwxp 00006000 08:05 274012                     /tmp/jogamp_0000/file_cache/jln9023697746966885388/jln3523151123467545548/libnativewindow_x11.so
7f1c09bce000-7f1c09bd0000 r-xp 00000000 08:05 273948                     /tmp/jogamp_0000/file_cache/jln9023697746966885388/jln3523151123467545548/libnativewindow_awt.so
7f1c09bd0000-7f1c09dcf000 ---p 00002000 08:05 273948                     /tmp/jogamp_0000/file_cache/jln9023697746966885388/jln3523151123467545548/libnativewindow_awt.so
7f1c09dcf000-7f1c09dd0000 r-xp 00001000 08:05 273948                     /tmp/jogamp_0000/file_cache/jln9023697746966885388/jln3523151123467545548/libnativewindow_awt.so
7f1c09dd0000-7f1c09dd1000 rwxp 00002000 08:05 273948                     /tmp/jogamp_0000/file_cache/jln9023697746966885388/jln3523151123467545548/libnativewindow_awt.so
7f1c09dd1000-7f1c09dd2000 r-xp 00000000 08:05 283134                     /usr/lib/jvm/java-6-sun-1.6.0.26/jre/lib/amd64/libjawt.so
7f1c09dd2000-7f1c09ed1000 ---p 00001000 08:05 283134                     /usr/lib/jvm/java-6-sun-1.6.0.26/jre/lib/amd64/libjawt.so
7f1c09ed1000-7f1c09ed2000 rwxp 00000000 08:05 283134                     /usr/lib/jvm/java-6-sun-1.6.0.26/jre/lib/amd64/libjawt.so
7f1c09ed2000-7f1c09ed4000 r-xp 00000000 08:05 271385                     /tmp/jogamp_0000/file_cache/jln9023697746966885388/jln3523151123467545548/libgluegen-rt.so
7f1c09ed4000-7f1c0a0d3000 ---p 00002000 08:05 271385                     /tmp/jogamp_0000/file_cache/jln9023697746966885388/jln3523151123467545548/libgluegen-rt.so
7f1c0a0d3000-7f1c0a0d4000 r-xp 00001000 08:05 271385                     /tmp/jogamp_0000/file_cache/jln9023697746966885388/jln3523151123467545548/libgluegen-rt.so
7f1c0a0d4000-7f1c0a0d5000 rwxp 00002000 08:05 271385                     /tmp/jogamp_0000/file_cache/jln9023697746966885388/jln3523151123467545548/libgluegen-rt.so
7f1c0a0d5000-7f1c0a0d8000 ---p 00000000 00:00 0 
7f1c0a0d8000-7f1c0a1d6000 rwxp 00000000 00:00 0 
7f1c0a1d6000-7f1c0a1d9000 ---p 00000000 00:00 0 
7f1c0a1d9000-7f1c0a2d7000 rwxp 00000000 00:00 0 
7f1c0a2d7000-7f1c0a2da000 ---p 00000000 00:00 0 
7f1c0a2da000-7f1c0a3d8000 rwxp 00000000 00:00 0 
7f1c0a3d8000-7f1c0a3db000 ---p 00000000 00:00 0 
7f1c0a3db000-7f1c0a4d9000 rwxp 00000000 00:00 0 
7f1c0a4d9000-7f1c0a4e2000 r-xs 00000000 08:05 661376                     /var/cache/fontconfig/945677eb7aeaf62f1d50efc3fb3ec7d8-le64.cache-3
7f1c0a4e2000-7f1c0a4e6000 r-xs 00000000 08:05 674726                     /var/cache/fontconfig/99e8ed0e538f840c565b6ed5dad60d56-le64.cache-3
7f1c0a4e6000-7f1c0a4ee000 r-xs 00000000 08:05 674718                     /var/cache/fontconfig/a6d8cf8e4ec09cdbc8633c31745a07dd-le64.cache-3
7f1c0a4ee000-7f1c0a4f4000 r-xs 00000000 08:05 674087                     /var/cache/fontconfig/a755afe4a08bf5b97852ceb7400b47bc-le64.cache-3
7f1c0a4f4000-7f1c0a4fd000 r-xs 00000000 08:05 674062                     /var/cache/fontconfig/6d41288fd70b0be22e8c3a91e032eec0-le64.cache-3
7f1c0a54d000-7f1c0a54e000 rwxp 00000000 00:00 0 
7f1c0a54e000-7f1c0a555000 r-xs 00000000 08:05 133577                     /usr/lib/x86_64-linux-gnu/gconv/gconv-modules.cache
7f1c0a555000-7f1c0a5eb000 rwxs 00000000 00:04 82444290                   /SYSV00000000 (deleted)
7f1c0a5eb000-7f1c0a5ee000 ---p 00000000 00:00 0 
7f1c0a5ee000-7f1c0a6ec000 rwxp 00000000 00:00 0 
7f1c0a6ec000-7f1c0a6ef000 ---p 00000000 00:00 0 
7f1c0a6ef000-7f1c0a7ed000 rwxp 00000000 00:00 0 
7f1c0a7ed000-7f1c0a7f0000 ---p 00000000 00:00 0 
7f1c0a7f0000-7f1c0a8ee000 rwxp 00000000 00:00 0 
7f1c0a8ee000-7f1c0a8f1000 ---p 00000000 00:00 0 
7f1c0a8f1000-7f1c0a9ef000 rwxp 00000000 00:00 0 
7f1c0a9ef000-7f1c0a9f2000 ---p 00000000 00:00 0 
7f1c0a9f2000-7f1c0aaf0000 rwxp 00000000 00:00 0 
7f1c0aaf0000-7f1c0aaf3000 ---p 00000000 00:00 0 
7f1c0aaf3000-7f1c0abf1000 rwxp 00000000 00:00 0 
7f1c0abf1000-7f1c0abf8000 r-xp 00000000 08:05 283135                     /usr/lib/jvm/java-6-sun-1.6.0.26/jre/lib/amd64/libnio.so
7f1c0abf8000-7f1c0acf7000 ---p 00007000 08:05 283135                     /usr/lib/jvm/java-6-sun-1.6.0.26/jre/lib/amd64/libnio.so
7f1c0acf7000-7f1c0acf9000 rwxp 00006000 08:05 283135                     /usr/lib/jvm/java-6-sun-1.6.0.26/jre/lib/amd64/libnio.so
7f1c0acf9000-7f1c0ad0c000 r-xp 00000000 08:05 283141                     /usr/lib/jvm/java-6-sun-1.6.0.26/jre/lib/amd64/libnet.so
7f1c0ad0c000-7f1c0ae0d000 ---p 00013000 08:05 283141                     /usr/lib/jvm/java-6-sun-1.6.0.26/jre/lib/amd64/libnet.so
7f1c0ae0d000-7f1c0ae10000 rwxp 00014000 08:05 283141                     /usr/lib/jvm/java-6-sun-1.6.0.26/jre/lib/amd64/libnet.so
7f1c0ae10000-7f1c0ae13000 ---p 00000000 00:00 0 
7f1c0ae13000-7f1c0af11000 rwxp 00000000 00:00 0 
7f1c0af11000-7f1c0af16000 r-xp 00000000 08:05 137699                     /usr/lib/x86_64-linux-gnu/libXfixes.so.3.1.0
7f1c0af16000-7f1c0b115000 ---p 00005000 08:05 137699                     /usr/lib/x86_64-linux-gnu/libXfixes.so.3.1.0
7f1c0b115000-7f1c0b116000 r-xp 00004000 08:05 137699                     /usr/lib/x86_64-linux-gnu/libXfixes.so.3.1.0
7f1c0b116000-7f1c0b117000 rwxp 00005000 08:05 137699                     /usr/lib/x86_64-linux-gnu/libXfixes.so.3.1.0
7f1c0b117000-7f1c0b120000 r-xp 00000000 08:05 139748                     /usr/lib/x86_64-linux-gnu/libXrender.so.1.3.0
7f1c0b120000-7f1c0b31f000 ---p 00009000 08:05 139748                     /usr/lib/x86_64-linux-gnu/libXrender.so.1.3.0
7f1c0b31f000-7f1c0b320000 r-xp 00008000 08:05 139748                     /usr/lib/x86_64-linux-gnu/libXrender.so.1.3.0
7f1c0b320000-7f1c0b321000 rwxp 00009000 08:05 139748                     /usr/lib/x86_64-linux-gnu/libXrender.so.1.3.0
7f1c0b321000-7f1c0b32a000 r-xp 00000000 08:05 173036                     /usr/lib/x86_64-linux-gnu/libXcursor.so.1.0.2
7f1c0b32a000-7f1c0b529000 ---p 00009000 08:05 173036                     /usr/lib/x86_64-linux-gnu/libXcursor.so.1.0.2
7f1c0b529000-7f1c0b52a000 r-xp 00008000 08:05 173036                     /usr/lib/x86_64-linux-gnu/libXcursor.so.1.0.2
7f1c0b52a000-7f1c0b52b000 rwxp 00009000 08:05 173036                     /usr/lib/x86_64-linux-gnu/libXcursor.so.1.0.2
7f1c0b52b000-7f1c0b52e000 ---p 00000000 00:00 0 
7f1c0b52e000-7f1c0b62c000 rwxp 00000000 00:00 0 
7f1c0b62c000-7f1c0b6a5000 r-xp 00000000 08:05 283143                     /usr/lib/jvm/java-6-sun-1.6.0.26/jre/lib/amd64/libfontmanager.so
7f1c0b6a5000-7f1c0b7a4000 ---p 00079000 08:05 283143                     /usr/lib/jvm/java-6-sun-1.6.0.26/jre/lib/amd64/libfontmanager.so
7f1c0b7a4000-7f1c0b7b9000 rwxp 00078000 08:05 283143                     /usr/lib/jvm/java-6-sun-1.6.0.26/jre/lib/amd64/libfontmanager.so
7f1c0b7b9000-7f1c0b7ca000 rwxp 00000000 00:00 0 
7f1c0b7ca000-7f1c0b7cf000 r-xp 00000000 08:05 138716                     /usr/lib/x86_64-linux-gnu/libXdmcp.so.6.0.0
7f1c0b7cf000-7f1c0b9ce000 ---p 00005000 08:05 138716                     /usr/lib/x86_64-linux-gnu/libXdmcp.so.6.0.0
7f1c0b9ce000-7f1c0b9cf000 r-xp 00004000 08:05 138716                     /usr/lib/x86_64-linux-gnu/libXdmcp.so.6.0.0
7f1c0b9cf000-7f1c0b9d0000 rwxp 00005000 08:05 138716                     /usr/lib/x86_64-linux-gnu/libXdmcp.so.6.0.0
7f1c0b9d0000-7f1c0b9d2000 r-xp 00000000 08:05 138710                     /usr/lib/x86_64-linux-gnu/libXau.so.6.0.0
7f1c0b9d2000-7f1c0bbd1000 ---p 00002000 08:05 138710                     /usr/lib/x86_64-linux-gnu/libXau.so.6.0.0
7f1c0bbd1000-7f1c0bbd2000 r-xp 00001000 08:05 138710                     /usr/lib/x86_64-linux-gnu/libXau.so.6.0.0
7f1c0bbd2000-7f1c0bbd3000 rwxp 00002000 08:05 138710                     /usr/lib/x86_64-linux-gnu/libXau.so.6.0.0
7f1c0bbd3000-7f1c0bbf0000 r-xp 00000000 08:05 138196                     /usr/lib/x86_64-linux-gnu/libxcb.so.1.1.0
7f1c0bbf0000-7f1c0bdef000 ---p 0001d000 08:05 138196                     /usr/lib/x86_64-linux-gnu/libxcb.so.1.1.0
7f1c0bdef000-7f1c0bdf0000 r-xp 0001c000 08:05 138196                     /usr/lib/x86_64-linux-gnu/libxcb.so.1.1.0
7f1c0bdf0000-7f1c0bdf1000 rwxp 0001d000 08:05 138196                     /usr/lib/x86_64-linux-gnu/libxcb.so.1.1.0
7f1c0bdf1000-7f1c0bdff000 r-xp 00000000 08:05 156154                     /usr/lib/x86_64-linux-gnu/libXi.so.6.1.0
7f1c0bdff000-7f1c0bffe000 ---p 0000e000 08:05 156154                     /usr/lib/x86_64-linux-gnu/libXi.so.6.1.0
7f1c0bffe000-7f1c0bfff000 r-xp 0000d000 08:05 156154                     /usr/lib/x86_64-linux-gnu/libXi.so.6.1.0
7f1c0bfff000-7f1c0c000000 rwxp 0000e000 08:05 156154                     /usr/lib/x86_64-linux-gnu/libXi.so.6.1.0
7f1c0c000000-7f1c0c3a3000 rwxp 00000000 00:00 0 
7f1c0c3a3000-7f1c10000000 ---p 00000000 00:00 0 
7f1c10000000-7f1c10021000 rwxp 00000000 00:00 0 
7f1c10021000-7f1c14000000 ---p 00000000 00:00 0 
7f1c14000000-7f1c14021000 rwxp 00000000 00:00 0 
7f1c14021000-7f1c18000000 ---p 00000000 00:00 0 
7f1c18000000-7f1c184de000 rwxp 00000000 00:00 0 
7f1c184de000-7f1c1c000000 ---p 00000000 00:00 0 
7f1c1c000000-7f1c1c021000 rwxp 00000000 00:00 0 
7f1c1c021000-7f1c20000000 ---p 00000000 00:00 0 
7f1c20000000-7f1c20021000 rwxp 00000000 00:00 0 
7f1c20021000-7f1c24000000 ---p 00000000 00:00 0 
7f1c24000000-7f1c24021000 rwxp 00000000 00:00 0 
7f1c24021000-7f1c28000000 ---p 00000000 00:00 0 
7f1c28000000-7f1c28021000 rwxp 00000000 00:00 0 
7f1c28021000-7f1c2c000000 ---p 00000000 00:00 0 
7f1c2c000000-7f1c2c021000 rwxp 00000000 00:00 0 
7f1c2c021000-7f1c30000000 ---p 00000000 00:00 0 
7f1c30000000-7f1c30001000 r-xp 00000000 00:00 0 
7f1c30001000-7f1c30005000 r-xs 00000000 08:05 674156                     /var/cache/fontconfig/2cd17615ca594fa2959ae173292e504c-le64.cache-3
7f1c30005000-7f1c30015000 r-xs 00000000 08:05 674050                     /var/cache/fontconfig/04aabc0a78ac019cf9454389977116d2-le64.cache-3
7f1c30015000-7f1c30018000 r-xs 00000000 08:05 673978                     /var/cache/fontconfig/385c0604a188198f04d133e54aba7fe7-le64.cache-3
7f1c30018000-7f1c30019000 r-xs 00000000 08:05 673968                     /var/cache/fontconfig/4794a0821666d79190d59a36cb4f44b5-le64.cache-3
7f1c30019000-7f1c30047000 r-xs 00000000 08:05 673952                     /var/cache/fontconfig/365b55f210c0a22e9a19e35191240f32-le64.cache-3
7f1c30047000-7f1c3004c000 r-xs 00000000 08:05 673086                     /var/cache/fontconfig/3047814df9a2f067bd2d96a2b9c36e5a-le64.cache-3
7f1c3004c000-7f1c3004d000 r-xs 00000000 08:05 673950                     /var/cache/fontconfig/56cf4f4769d0f4abc89a4895d7bd3ae1-le64.cache-3
7f1c3004d000-7f1c3004e000 r-xs 00000000 08:05 673946                     /var/cache/fontconfig/b9d506c9ac06c20b433354fa67a72993-le64.cache-3
7f1c3004e000-7f1c30053000 r-xs 00000000 08:05 673083                     /var/cache/fontconfig/b47c4e1ecd0709278f4910c18777a504-le64.cache-3
7f1c30053000-7f1c3005b000 r-xs 00000000 08:05 673073                     /var/cache/fontconfig/52f7bdb7ce746bfd7eaa1985bd9cfa93-le64.cache-3
7f1c3005b000-7f1c3006b000 r-xs 00000000 08:05 673070                     /var/cache/fontconfig/d52a8644073d54c13679302ca1180695-le64.cache-3
7f1c3006b000-7f1c30071000 r-xs 00000000 08:05 673064                     /var/cache/fontconfig/3f7329c5293ffd510edef78f73874cfd-le64.cache-3
7f1c30071000-7f1c30084000 r-xs 00000000 08:05 659761                     /var/cache/fontconfig/e13b20fdb08344e0e664864cc2ede53d-le64.cache-3
7f1c30084000-7f1c30088000 r-xs 00000000 08:05 651626                     /var/cache/fontconfig/7ef2298fde41cc6eeb7af42e48b7d293-le64.cache-3
7f1c30088000-7f1c3008a000 r-xs 00000000 08:06 396097                     /home/stefan/.fontconfig/4e93a9e49221ab1679435ee14ee5ffe6-le64.cache-3
7f1c3008a000-7f1c30093000 r-xs 00000000 08:05 661376                     /var/cache/fontconfig/945677eb7aeaf62f1d50efc3fb3ec7d8-le64.cache-3
7f1c30093000-7f1c30098000 r-xp 00000000 08:05 140158                     /usr/lib/x86_64-linux-gnu/libXtst.so.6.1.0
7f1c30098000-7f1c30297000 ---p 00005000 08:05 140158                     /usr/lib/x86_64-linux-gnu/libXtst.so.6.1.0
7f1c30297000-7f1c30298000 r-xp 00004000 08:05 140158                     /usr/lib/x86_64-linux-gnu/libXtst.so.6.1.0
7f1c30298000-7f1c30299000 rwxp 00005000 08:05 140158                     /usr/lib/x86_64-linux-gnu/libXtst.so.6.1.0
7f1c30299000-7f1c303c8000 r-xp 00000000 08:05 150310                     /usr/lib/x86_64-linux-gnu/libX11.so.6.3.0
7f1c303c8000-7f1c305c8000 ---p 0012f000 08:05 150310                     /usr/lib/x86_64-linux-gnu/libX11.so.6.3.0
7f1c305c8000-7f1c305c9000 r-xp 0012f000 08:05 150310                     /usr/lib/x86_64-linux-gnu/libX11.so.6.3.0
7f1c305c9000-7f1c305cd000 rwxp 00130000 08:05 150310                     /usr/lib/x86_64-linux-gnu/libX11.so.6.3.0
7f1c305cd000-7f1c305dd000 r-xp 00000000 08:05 138744                     /usr/lib/x86_64-linux-gnu/libXext.so.6.4.0
7f1c305dd000-7f1c307dc000 ---p 00010000 08:05 138744                     /usr/lib/x86_64-linux-gnu/libXext.so.6.4.0
7f1c307dc000-7f1c307dd000 r-xp 0000f000 08:05 138744                     /usr/lib/x86_64-linux-gnu/libXext.so.6.4.0
7f1c307dd000-7f1c307de000 rwxp 00010000 08:05 138744                     /usr/lib/x86_64-linux-gnu/libXext.so.6.4.0
7f1c307de000-7f1c30820000 r-xp 00000000 08:05 283144                     /usr/lib/jvm/java-6-sun-1.6.0.26/jre/lib/amd64/xawt/libmawt.so
7f1c30820000-7f1c3091f000 ---p 00042000 08:05 283144                     /usr/lib/jvm/java-6-sun-1.6.0.26/jre/lib/amd64/xawt/libmawt.so
7f1c3091f000-7f1c3092b000 rwxp 00041000 08:05 283144                     /usr/lib/jvm/java-6-sun-1.6.0.26/jre/lib/amd64/xawt/libmawt.so
7f1c3092b000-7f1c3092c000 rwxp 00000000 00:00 0 
7f1c3092c000-7f1c309be000 r-xp 00000000 08:05 283132                     /usr/lib/jvm/java-6-sun-1.6.0.26/jre/lib/amd64/libawt.so
7f1c309be000-7f1c30abd000 ---p 00092000 08:05 283132                     /usr/lib/jvm/java-6-sun-1.6.0.26/jre/lib/amd64/libawt.so
7f1c30abd000-7f1c30ad7000 rwxp 00091000 08:05 283132                     /usr/lib/jvm/java-6-sun-1.6.0.26/jre/lib/amd64/libawt.so
7f1c30ad7000-7f1c30afb000 rwxp 00000000 00:00 0 
7f1c30afb000-7f1c30afc000 ---p 00000000 00:00 0 
7f1c30afc000-7f1c30bfc000 rwxp 00000000 00:00 0 
7f1c30bfc000-7f1c30bff000 ---p 00000000 00:00 0 
7f1c30bff000-7f1c30cfd000 rwxp 00000000 00:00 0 
7f1c30cfd000-7f1c30d00000 ---p 00000000 00:00 0 
7f1c30d00000-7f1c30dfe000 rwxp 00000000 00:00 0 
7f1c30dfe000-7f1c30e01000 ---p 00000000 00:00 0 
7f1c30e01000-7f1c30eff000 rwxp 00000000 00:00 0 
7f1c30eff000-7f1c30f02000 ---p 00000000 00:00 0 
7f1c30f02000-7f1c31270000 rwxp 00000000 00:00 0 
7f1c31270000-7f1c342c9000 rwxp 00000000 00:00 0 
7f1c342c9000-7f1c38000000 ---p 00000000 00:00 0 
7f1c38000000-7f1c38005000 r-xs 00000000 08:05 674123                     /var/cache/fontconfig/926e794c3d5e5dffcaf2fa83ef8d36c2-le64.cache-3
7f1c38005000-7f1c38009000 r-xs 00000000 08:05 674726                     /var/cache/fontconfig/99e8ed0e538f840c565b6ed5dad60d56-le64.cache-3
7f1c38009000-7f1c38011000 r-xs 00000000 08:05 674718                     /var/cache/fontconfig/a6d8cf8e4ec09cdbc8633c31745a07dd-le64.cache-3
7f1c38011000-7f1c38015000 r-xs 00000000 08:05 674156                     /var/cache/fontconfig/2cd17615ca594fa2959ae173292e504c-le64.cache-3
7f1c38015000-7f1c38016000 r-xs 00000000 08:05 674152                     /var/cache/fontconfig/e7071f4a29fa870f4323321c154eba04-le64.cache-3
7f1c38016000-7f1c38019000 r-xs 00000000 08:05 674135                     /var/cache/fontconfig/b5ea634b0fb353b8ea17632d1f9ef766-le64.cache-3
7f1c38019000-7f1c3801e000 r-xs 00000000 08:05 674123                     /var/cache/fontconfig/926e794c3d5e5dffcaf2fa83ef8d36c2-le64.cache-3
7f1c3801e000-7f1c3801f000 r-xs 00000000 08:05 674115                     /var/cache/fontconfig/0d8c3b2ac0904cb8a57a757ad11a4a08-le64.cache-3
7f1c3801f000-7f1c38025000 r-xs 00000000 08:05 674087                     /var/cache/fontconfig/a755afe4a08bf5b97852ceb7400b47bc-le64.cache-3
7f1c38025000-7f1c3802e000 r-xs 00000000 08:05 674062                     /var/cache/fontconfig/6d41288fd70b0be22e8c3a91e032eec0-le64.cache-3
7f1c3802e000-7f1c3803e000 r-xs 00000000 08:05 674050                     /var/cache/fontconfig/04aabc0a78ac019cf9454389977116d2-le64.cache-3
7f1c3803e000-7f1c38041000 r-xs 00000000 08:05 673978                     /var/cache/fontconfig/385c0604a188198f04d133e54aba7fe7-le64.cache-3
7f1c38041000-7f1c38042000 r-xs 00000000 08:05 673968                     /var/cache/fontconfig/4794a0821666d79190d59a36cb4f44b5-le64.cache-3
7f1c38042000-7f1c38070000 r-xs 00000000 08:05 673952                     /var/cache/fontconfig/365b55f210c0a22e9a19e35191240f32-le64.cache-3
7f1c38070000-7f1c38075000 r-xs 00000000 08:05 673086                     /var/cache/fontconfig/3047814df9a2f067bd2d96a2b9c36e5a-le64.cache-3
7f1c38075000-7f1c38076000 r-xs 00000000 08:05 673950                     /var/cache/fontconfig/56cf4f4769d0f4abc89a4895d7bd3ae1-le64.cache-3
7f1c38076000-7f1c38077000 r-xs 00000000 08:05 673946                     /var/cache/fontconfig/b9d506c9ac06c20b433354fa67a72993-le64.cache-3
7f1c38077000-7f1c3807c000 r-xs 00000000 08:05 673083                     /var/cache/fontconfig/b47c4e1ecd0709278f4910c18777a504-le64.cache-3
7f1c3807c000-7f1c38084000 r-xs 00000000 08:05 673073                     /var/cache/fontconfig/52f7bdb7ce746bfd7eaa1985bd9cfa93-le64.cache-3
7f1c38084000-7f1c38094000 r-xs 00000000 08:05 673070                     /var/cache/fontconfig/d52a8644073d54c13679302ca1180695-le64.cache-3
7f1c38094000-7f1c380a7000 r-xs 00000000 08:05 659761                     /var/cache/fontconfig/e13b20fdb08344e0e664864cc2ede53d-le64.cache-3
7f1c380a7000-7f1c380c3000 r-xs 0048b000 08:06 399660                     /home/stefan/Dropbox/Faculdade/6_periodo/oficina3/git/oficinas3-bellator/Software/EstacaoBase/lib/jogl-all.jar
7f1c380c3000-7f1c3838f000 r-xp 00000000 08:05 133328                     /usr/lib/locale/locale-archive
7f1c3838f000-7f1c38392000 ---p 00000000 00:00 0 
7f1c38392000-7f1c38490000 rwxp 00000000 00:00 0 
7f1c38490000-7f1c38493000 ---p 00000000 00:00 0 
7f1c38493000-7f1c38591000 rwxp 00000000 00:00 0 
7f1c38591000-7f1c38592000 ---p 00000000 00:00 0 
7f1c38592000-7f1c389c9000 rwxp 00000000 00:00 0 
7f1c389c9000-7f1c38b61000 r-xs 03029000 08:05 283060                     /usr/lib/jvm/java-6-sun-1.6.0.26/jre/lib/rt.jar
7f1c38b61000-7f1c38b89000 rwxp 00000000 00:00 0 
7f1c38b89000-7f1c38b8a000 ---p 00000000 00:00 0 
7f1c38b8a000-7f1c38c8a000 rwxp 00000000 00:00 0 
7f1c38c8a000-7f1c38c8b000 ---p 00000000 00:00 0 
7f1c38c8b000-7f1c38d98000 rwxp 00000000 00:00 0 
7f1c38d98000-7f1c38db4000 rwxp 00000000 00:00 0 
7f1c38db4000-7f1c38dc9000 rwxp 00000000 00:00 0 
7f1c38dc9000-7f1c38efc000 rwxp 00000000 00:00 0 
7f1c38efc000-7f1c38f09000 rwxp 00000000 00:00 0 
7f1c38f09000-7f1c38f25000 rwxp 00000000 00:00 0 
7f1c38f25000-7f1c38f3a000 rwxp 00000000 00:00 0 
7f1c38f3a000-7f1c3906c000 rwxp 00000000 00:00 0 
7f1c3906c000-7f1c3907f000 rwxp 00000000 00:00 0 
7f1c3907f000-7f1c39110000 rwxp 00000000 00:00 0 
7f1c39110000-7f1c39111000 rwxp 00000000 00:00 0 
7f1c39111000-7f1c3911f000 r-xp 00000000 08:05 283126                     /usr/lib/jvm/java-6-sun-1.6.0.26/jre/lib/amd64/libzip.so
7f1c3911f000-7f1c39221000 ---p 0000e000 08:05 283126                     /usr/lib/jvm/java-6-sun-1.6.0.26/jre/lib/amd64/libzip.so
7f1c39221000-7f1c39224000 rwxp 00010000 08:05 283126                     /usr/lib/jvm/java-6-sun-1.6.0.26/jre/lib/amd64/libzip.so
7f1c39224000-7f1c39225000 rwxp 00000000 00:00 0 
7f1c39225000-7f1c39231000 r-xp 00000000 08:05 668633                     /lib/x86_64-linux-gnu/libnss_files-2.15.so
7f1c39231000-7f1c39430000 ---p 0000c000 08:05 668633                     /lib/x86_64-linux-gnu/libnss_files-2.15.so
7f1c39430000-7f1c39431000 r-xp 0000b000 08:05 668633                     /lib/x86_64-linux-gnu/libnss_files-2.15.so
7f1c39431000-7f1c39432000 rwxp 0000c000 08:05 668633                     /lib/x86_64-linux-gnu/libnss_files-2.15.so
7f1c39432000-7f1c3943c000 r-xp 00000000 08:05 668624                     /lib/x86_64-linux-gnu/libnss_nis-2.15.so
7f1c3943c000-7f1c3963c000 ---p 0000a000 08:05 668624                     /lib/x86_64-linux-gnu/libnss_nis-2.15.so
7f1c3963c000-7f1c3963d000 r-xp 0000a000 08:05 668624                     /lib/x86_64-linux-gnu/libnss_nis-2.15.so
7f1c3963d000-7f1c3963e000 rwxp 0000b000 08:05 668624                     /lib/x86_64-linux-gnu/libnss_nis-2.15.so
7f1c3963e000-7f1c39646000 r-xp 00000000 08:05 668637                     /lib/x86_64-linux-gnu/libnss_compat-2.15.so
7f1c39646000-7f1c39845000 ---p 00008000 08:05 668637                     /lib/x86_64-linux-gnu/libnss_compat-2.15.so
7f1c39845000-7f1c39846000 r-xp 00007000 08:05 668637                     /lib/x86_64-linux-gnu/libnss_compat-2.15.so
7f1c39846000-7f1c39847000 rwxp 00008000 08:05 668637                     /lib/x86_64-linux-gnu/libnss_compat-2.15.so
7f1c39847000-7f1c3985e000 r-xp 00000000 08:05 675952                     /lib/x86_64-linux-gnu/libnsl-2.15.so
7f1c3985e000-7f1c39a5d000 ---p 00017000 08:05 675952                     /lib/x86_64-linux-gnu/libnsl-2.15.so
7f1c39a5d000-7f1c39a5e000 r-xp 00016000 08:05 675952                     /lib/x86_64-linux-gnu/libnsl-2.15.so
7f1c39a5e000-7f1c39a5f000 rwxp 00017000 08:05 675952                     /lib/x86_64-linux-gnu/libnsl-2.15.so
7f1c39a5f000-7f1c39a61000 rwxp 00000000 00:00 0 
7f1c39a61000-7f1c39a8a000 r-xp 00000000 08:05 283159                     /usr/lib/jvm/java-6-sun-1.6.0.26/jre/lib/amd64/libjava.so
7f1c39a8a000-7f1c39b89000 ---p 00029000 08:05 283159                     /usr/lib/jvm/java-6-sun-1.6.0.26/jre/lib/amd64/libjava.so
7f1c39b89000-7f1c39b90000 rwxp 00028000 08:05 283159                     /usr/lib/jvm/java-6-sun-1.6.0.26/jre/lib/amd64/libjava.so
7f1c39b90000-7f1c39b9d000 r-xp 00000000 08:05 283157                     /usr/lib/jvm/java-6-sun-1.6.0.26/jre/lib/amd64/libverify.so
7f1c39b9d000-7f1c39c9c000 ---p 0000d000 08:05 283157                     /usr/lib/jvm/java-6-sun-1.6.0.26/jre/lib/amd64/libverify.so
7f1c39c9c000-7f1c39c9f000 rwxp 0000c000 08:05 283157                     /usr/lib/jvm/java-6-sun-1.6.0.26/jre/lib/amd64/libverify.so
7f1c39c9f000-7f1c39ca6000 r-xp 00000000 08:05 667495                     /lib/x86_64-linux-gnu/librt-2.15.so
7f1c39ca6000-7f1c39ea5000 ---p 00007000 08:05 667495                     /lib/x86_64-linux-gnu/librt-2.15.so
7f1c39ea5000-7f1c39ea6000 r-xp 00006000 08:05 667495                     /lib/x86_64-linux-gnu/librt-2.15.so
7f1c39ea6000-7f1c39ea7000 rwxp 00007000 08:05 667495                     /lib/x86_64-linux-gnu/librt-2.15.so
7f1c39ea7000-7f1c39eaa000 ---p 00000000 00:00 0 
7f1c39eaa000-7f1c39fa8000 rwxp 00000000 00:00 0 
7f1c39fa8000-7f1c3a0a3000 r-xp 00000000 08:05 668630                     /lib/x86_64-linux-gnu/libm-2.15.so
7f1c3a0a3000-7f1c3a2a2000 ---p 000fb000 08:05 668630                     /lib/x86_64-linux-gnu/libm-2.15.so
7f1c3a2a2000-7f1c3a2a3000 r-xp 000fa000 08:05 668630                     /lib/x86_64-linux-gnu/libm-2.15.so
7f1c3a2a3000-7f1c3a2a4000 rwxp 000fb000 08:05 668630                     /lib/x86_64-linux-gnu/libm-2.15.so
7f1c3a2a4000-7f1c3abbe000 r-xp 00000000 08:05 283151                     /usr/lib/jvm/java-6-sun-1.6.0.26/jre/lib/amd64/server/libjvm.so
7f1c3abbe000-7f1c3acc0000 ---p 0091a000 08:05 283151                     /usr/lib/jvm/java-6-sun-1.6.0.26/jre/lib/amd64/server/libjvm.so
7f1c3acc0000-7f1c3ae75000 rwxp 0091c000 08:05 283151                     /usr/lib/jvm/java-6-sun-1.6.0.26/jre/lib/amd64/server/libjvm.so
7f1c3ae75000-7f1c3aeaf000 rwxp 00000000 00:00 0 
7f1c3aeaf000-7f1c3b064000 r-xp 00000000 08:05 666213                     /lib/x86_64-linux-gnu/libc-2.15.so
7f1c3b064000-7f1c3b263000 ---p 001b5000 08:05 666213                     /lib/x86_64-linux-gnu/libc-2.15.so
7f1c3b263000-7f1c3b267000 r-xp 001b4000 08:05 666213                     /lib/x86_64-linux-gnu/libc-2.15.so
7f1c3b267000-7f1c3b269000 rwxp 001b8000 08:05 666213                     /lib/x86_64-linux-gnu/libc-2.15.so
7f1c3b269000-7f1c3b26e000 rwxp 00000000 00:00 0 
7f1c3b26e000-7f1c3b270000 r-xp 00000000 08:05 666207                     /lib/x86_64-linux-gnu/libdl-2.15.so
7f1c3b270000-7f1c3b470000 ---p 00002000 08:05 666207                     /lib/x86_64-linux-gnu/libdl-2.15.so
7f1c3b470000-7f1c3b471000 r-xp 00002000 08:05 666207                     /lib/x86_64-linux-gnu/libdl-2.15.so
7f1c3b471000-7f1c3b472000 rwxp 00003000 08:05 666207                     /lib/x86_64-linux-gnu/libdl-2.15.so
7f1c3b472000-7f1c3b48a000 r-xp 00000000 08:05 666225                     /lib/x86_64-linux-gnu/libpthread-2.15.so
7f1c3b48a000-7f1c3b689000 ---p 00018000 08:05 666225                     /lib/x86_64-linux-gnu/libpthread-2.15.so
7f1c3b689000-7f1c3b68a000 r-xp 00017000 08:05 666225                     /lib/x86_64-linux-gnu/libpthread-2.15.so
7f1c3b68a000-7f1c3b68b000 rwxp 00018000 08:05 666225                     /lib/x86_64-linux-gnu/libpthread-2.15.so
7f1c3b68b000-7f1c3b68f000 rwxp 00000000 00:00 0 
7f1c3b68f000-7f1c3b6b1000 r-xp 00000000 08:05 669903                     /lib/x86_64-linux-gnu/ld-2.15.so
7f1c3b6b1000-7f1c3b6b2000 r-xs 00000000 08:05 676041                     /var/cache/fontconfig/c05880de57d1f5e948fdfacc138775d9-le64.cache-3
7f1c3b6b2000-7f1c3b6b5000 r-xs 00000000 08:05 674135                     /var/cache/fontconfig/b5ea634b0fb353b8ea17632d1f9ef766-le64.cache-3
7f1c3b6b5000-7f1c3b6bb000 r-xs 00000000 08:05 673064                     /var/cache/fontconfig/3f7329c5293ffd510edef78f73874cfd-le64.cache-3
7f1c3b6bb000-7f1c3b6c5000 rwxp 00000000 00:00 0 
7f1c3b6c5000-7f1c3b77b000 rwxp 00000000 00:00 0 
7f1c3b77b000-7f1c3b77e000 rwxp 00000000 00:00 0 
7f1c3b77e000-7f1c3b785000 r-xp 00000000 08:05 283155                     /usr/lib/jvm/java-6-sun-1.6.0.26/jre/lib/amd64/jli/libjli.so
7f1c3b785000-7f1c3b886000 ---p 00007000 08:05 283155                     /usr/lib/jvm/java-6-sun-1.6.0.26/jre/lib/amd64/jli/libjli.so
7f1c3b886000-7f1c3b888000 rwxp 00008000 08:05 283155                     /usr/lib/jvm/java-6-sun-1.6.0.26/jre/lib/amd64/jli/libjli.so
7f1c3b888000-7f1c3b889000 rwxp 00000000 00:00 0 
7f1c3b889000-7f1c3b88a000 r-xs 00000000 08:05 674152                     /var/cache/fontconfig/e7071f4a29fa870f4323321c154eba04-le64.cache-3
7f1c3b88a000-7f1c3b88b000 r-xs 00000000 08:05 674115                     /var/cache/fontconfig/0d8c3b2ac0904cb8a57a757ad11a4a08-le64.cache-3
7f1c3b88b000-7f1c3b88c000 r-xs 00000000 08:05 676041                     /var/cache/fontconfig/c05880de57d1f5e948fdfacc138775d9-le64.cache-3
7f1c3b88c000-7f1c3b890000 r-xs 00000000 08:05 651626                     /var/cache/fontconfig/7ef2298fde41cc6eeb7af42e48b7d293-le64.cache-3
7f1c3b890000-7f1c3b892000 r-xs 00000000 08:06 396097                     /home/stefan/.fontconfig/4e93a9e49221ab1679435ee14ee5ffe6-le64.cache-3
7f1c3b892000-7f1c3b897000 r-xs 00030000 08:06 399409                     /home/stefan/Dropbox/Faculdade/6_periodo/oficina3/git/oficinas3-bellator/Software/EstacaoBase/lib/gluegen-rt.jar
7f1c3b897000-7f1c3b898000 r-xs 00001000 08:06 394619                     /home/stefan/Dropbox/Faculdade/6_periodo/oficina3/git/oficinas3-bellator/Software/EstacaoBase/lib/gluegen-rt-natives-windows-i586.jar
7f1c3b898000-7f1c3b899000 r-xs 00001000 08:06 394620                     /home/stefan/Dropbox/Faculdade/6_periodo/oficina3/git/oficinas3-bellator/Software/EstacaoBase/lib/gluegen-rt-natives-windows-amd64.jar
7f1c3b899000-7f1c3b89a000 r-xs 00000000 08:06 399451                     /home/stefan/Dropbox/Faculdade/6_periodo/oficina3/git/oficinas3-bellator/Software/EstacaoBase/lib/gluegen-rt-natives-macosx-universal.jar
7f1c3b89a000-7f1c3b89b000 r-xs 00000000 08:06 399407                     /home/stefan/Dropbox/Faculdade/6_periodo/oficina3/git/oficinas3-bellator/Software/EstacaoBase/lib/gluegen-rt-natives-linux-i586.jar
7f1c3b89b000-7f1c3b89c000 r-xs 00000000 08:06 399456                     /home/stefan/Dropbox/Faculdade/6_periodo/oficina3/git/oficinas3-bellator/Software/EstacaoBase/lib/gluegen-rt-natives-linux-amd64.jar
7f1c3b89c000-7f1c3b89e000 r-xs 00020000 08:06 399799                     /home/stefan/Dropbox/Faculdade/6_periodo/oficina3/git/oficinas3-bellator/Software/EstacaoBase/lib/jogl-all-natives-windows-i586.jar
7f1c3b89e000-7f1c3b89f000 r-xs 0001b000 08:06 399750                     /home/stefan/Dropbox/Faculdade/6_periodo/oficina3/git/oficinas3-bellator/Software/EstacaoBase/lib/jogl-all-natives-windows-amd64.jar
7f1c3b89f000-7f1c3b8a0000 r-xs 00050000 08:06 399807                     /home/stefan/Dropbox/Faculdade/6_periodo/oficina3/git/oficinas3-bellator/Software/EstacaoBase/lib/jogl-all-natives-macosx-universal.jar
7f1c3b8a0000-7f1c3b8a1000 r-xs 00023000 08:06 399514                     /home/stefan/Dropbox/Faculdade/6_periodo/oficina3/git/oficinas3-bellator/Software/EstacaoBase/lib/jogl-all-natives-linux-i586.jar
7f1c3b8a1000-7f1c3b8a2000 r-xs 00023000 08:06 399791                     /home/stefan/Dropbox/Faculdade/6_periodo/oficina3/git/oficinas3-bellator/Software/EstacaoBase/lib/jogl-all-natives-linux-amd64.jar
7f1c3b8a2000-7f1c3b8a5000 r-xs 00077000 08:06 399811                     /home/stefan/Dropbox/Faculdade/6_periodo/oficina3/git/oficinas3-bellator/Software/EstacaoBase/lib/Processing_core.jar
7f1c3b8a5000-7f1c3b8ad000 rwxs 00000000 08:05 268866                     /tmp/hsperfdata_stefan/28077
7f1c3b8ad000-7f1c3b8ae000 rwxp 00000000 00:00 0 
7f1c3b8ae000-7f1c3b8af000 r-xp 00000000 00:00 0 
7f1c3b8af000-7f1c3b8b1000 rwxp 00000000 00:00 0 
7f1c3b8b1000-7f1c3b8b2000 r-xp 00022000 08:05 669903                     /lib/x86_64-linux-gnu/ld-2.15.so
7f1c3b8b2000-7f1c3b8b4000 rwxp 00023000 08:05 669903                     /lib/x86_64-linux-gnu/ld-2.15.so
7fff36664000-7fff36685000 rwxp 00000000 00:00 0                          [stack]
7fff367ff000-7fff36800000 r-xp 00000000 00:00 0                          [vdso]
ffffffffff600000-ffffffffff601000 r-xp 00000000 00:00 0                  [vsyscall]

VM Arguments:
jvm_args: -Dfile.encoding=UTF-8 
java_command: visual.gui.JanelaPrincipal
Launcher Type: SUN_STANDARD

Environment Variables:
PATH=/usr/lib/lightdm/lightdm:/usr/local/sbin:/usr/local/bin:/usr/sbin:/usr/bin:/sbin:/bin:/usr/games
LD_LIBRARY_PATH=/usr/lib/jvm/java-6-sun-1.6.0.26/jre/lib/amd64/server:/usr/lib/jvm/java-6-sun-1.6.0.26/jre/lib/amd64:/usr/lib/jvm/java-6-sun-1.6.0.26/jre/../lib/amd64:/usr/lib/jvm/java-6-sun/jre/lib/amd64:/usr/lib/jvm/java-6-sun/jre/lib/i386:
SHELL=/bin/zsh
DISPLAY=:0

Signal Handlers:
SIGSEGV: [libjvm.so+0x85f800], sa_mask[0]=0x7ffbfeff, sa_flags=0x10000004
SIGBUS: [libjvm.so+0x85f800], sa_mask[0]=0x7ffbfeff, sa_flags=0x10000004
SIGFPE: [libjvm.so+0x70e300], sa_mask[0]=0x7ffbfeff, sa_flags=0x10000004
SIGPIPE: [libjvm.so+0x70e300], sa_mask[0]=0x7ffbfeff, sa_flags=0x10000004
SIGXFSZ: [libjvm.so+0x70e300], sa_mask[0]=0x7ffbfeff, sa_flags=0x10000004
SIGILL: [libjvm.so+0x70e300], sa_mask[0]=0x7ffbfeff, sa_flags=0x10000004
SIGUSR1: SIG_DFL, sa_mask[0]=0x00000000, sa_flags=0x00000000
SIGUSR2: [libjvm.so+0x711110], sa_mask[0]=0x00000004, sa_flags=0x10000004
SIGHUP: [libjvm.so+0x710d10], sa_mask[0]=0x7ffbfeff, sa_flags=0x10000004
SIGINT: SIG_IGN, sa_mask[0]=0x00000000, sa_flags=0x00000000
SIGTERM: [libjvm.so+0x710d10], sa_mask[0]=0x7ffbfeff, sa_flags=0x10000004
SIGQUIT: [libjvm.so+0x710d10], sa_mask[0]=0x7ffbfeff, sa_flags=0x10000004


---------------  S Y S T E M  ---------------

OS:wheezy/sid

uname:Linux 3.2.0-32-generic #51-Ubuntu SMP Wed Sep 26 21:33:09 UTC 2012 x86_64
libc:glibc 2.15 NPTL 2.15 
rlimit: STACK 8192k, CORE 0k, NPROC 31194, NOFILE 4096, AS infinity
load average:1.78 1.22 0.82

/proc/meminfo:
MemTotal:        4016272 kB
MemFree:          197124 kB
Buffers:          157404 kB
Cached:          1252168 kB
SwapCached:         6744 kB
Active:          2159316 kB
Inactive:        1264560 kB
Active(anon):    1449628 kB
Inactive(anon):   578576 kB
Active(file):     709688 kB
Inactive(file):   685984 kB
Unevictable:        2084 kB
Mlocked:              16 kB
SwapTotal:       2080764 kB
SwapFree:        2046680 kB
Dirty:              1384 kB
Writeback:            12 kB
AnonPages:       2010532 kB
Mapped:           195616 kB
Shmem:             11864 kB
Slab:             249708 kB
SReclaimable:     204468 kB
SUnreclaim:        45240 kB
KernelStack:        4376 kB
PageTables:        46656 kB
NFS_Unstable:          0 kB
Bounce:                0 kB
WritebackTmp:          0 kB
CommitLimit:     4088900 kB
Committed_AS:    4891200 kB
VmallocTotal:   34359738367 kB
VmallocUsed:      127588 kB
VmallocChunk:   34359596540 kB
HardwareCorrupted:     0 kB
AnonHugePages:         0 kB
HugePages_Total:       0
HugePages_Free:        0
HugePages_Rsvd:        0
HugePages_Surp:        0
Hugepagesize:       2048 kB
DirectMap4k:       81920 kB
DirectMap2M:     4079616 kB


CPU:total 2 (2 cores per cpu, 1 threads per core) family 6 model 23 stepping 6, cmov, cx8, fxsr, mmx, sse, sse2, sse3, ssse3, sse4.1

/proc/cpuinfo:
processor	: 0
vendor_id	: GenuineIntel
cpu family	: 6
model		: 23
model name	: Intel(R) Core(TM)2 Duo CPU     P7450  @ 2.13GHz
stepping	: 6
microcode	: 0x60c
cpu MHz		: 2133.000
cache size	: 3072 KB
physical id	: 0
siblings	: 2
core id		: 0
cpu cores	: 2
apicid		: 0
initial apicid	: 0
fpu		: yes
fpu_exception	: yes
cpuid level	: 10
wp		: yes
flags		: fpu vme de pse tsc msr pae mce cx8 apic sep mtrr pge mca cmov pat pse36 clflush dts acpi mmx fxsr sse sse2 ss ht tm pbe syscall nx lm constant_tsc arch_perfmon pebs bts rep_good nopl aperfmperf pni dtes64 monitor ds_cpl est tm2 ssse3 cx16 xtpr pdcm sse4_1 lahf_lm dtherm
bogomips	: 4256.64
clflush size	: 64
cache_alignment	: 64
address sizes	: 36 bits physical, 48 bits virtual
power management:

processor	: 1
vendor_id	: GenuineIntel
cpu family	: 6
model		: 23
model name	: Intel(R) Core(TM)2 Duo CPU     P7450  @ 2.13GHz
stepping	: 6
microcode	: 0x60c
cpu MHz		: 2133.000
cache size	: 3072 KB
physical id	: 0
siblings	: 2
core id		: 1
cpu cores	: 2
apicid		: 1
initial apicid	: 1
fpu		: yes
fpu_exception	: yes
cpuid level	: 10
wp		: yes
flags		: fpu vme de pse tsc msr pae mce cx8 apic sep mtrr pge mca cmov pat pse36 clflush dts acpi mmx fxsr sse sse2 ss ht tm pbe syscall nx lm constant_tsc arch_perfmon pebs bts rep_good nopl aperfmperf pni dtes64 monitor ds_cpl est tm2 ssse3 cx16 xtpr pdcm sse4_1 lahf_lm dtherm
bogomips	: 4256.42
clflush size	: 64
cache_alignment	: 64
address sizes	: 36 bits physical, 48 bits virtual
power management:



Memory: 4k page, physical 4016272k(197124k free), swap 2080764k(2046680k free)

vm_info: Java HotSpot(TM) 64-Bit Server VM (20.1-b02) for linux-amd64 JRE (1.6.0_26-b03), built on May  4 2011 01:13:47 by "java_re" with gcc 3.2.2 (SuSE Linux)

time: Sun Jan 27 00:11:14 2013
elapsed time: 6 seconds

