This is pdfTeX, Version 3.1415926-1.40.10 (TeX Live 2009/Debian) (format=pdflatex 2012.6.22)  24 APR 2013 18:21
entering extended mode
 %&-line parsing enabled.
**entregavel4
(./entregavel4.tex
LaTeX2e <2009/09/24>
Babel <v3.8l> and hyphenation patterns for english, usenglishmax, dumylang, noh
yphenation, portuguese, loaded.
(./normas-utf-tex.cls (/usr/share/texmf/tex/latex/abntex/cvs-id.def)
Document Class: normas-utf-tex 2011/06/19 v2.0
(/usr/share/texmf-texlive/tex/latex/base/ifthen.sty
Package: ifthen 2001/05/26 v1.1c Standard LaTeX ifthen package (DPC)
)
(/usr/share/texmf-texlive/tex/latex/lastpage/lastpage.sty
Package: lastpage 1994/06/25 v0.1b LaTeX2e package for refs to last page number
 (JPG)
)
(/usr/share/texmf-texlive/tex/latex/bigfoot/perpage.sty
Package: perpage 2006/07/15 1.12 Reset/sort counters per page
\c@abspage=\count79
)
(/usr/share/texmf/tex/latex/abntex/abnt.cls
(/usr/share/texmf/tex/latex/abntex/cvs-id.def)
Document Class: abnt 2006/09/09 v1.32 Classe abnt (NBR6024, NBR6027, NBR6028, N
BR14724)
(/usr/share/texmf-texlive/tex/latex/tools/calc.sty
Package: calc 2007/08/22 v4.3 Infix arithmetic (KKT,FJ)
\calc@Acount=\count80
\calc@Bcount=\count81
\calc@Adimen=\dimen102
\calc@Bdimen=\dimen103
\calc@Askip=\skip41
\calc@Bskip=\skip42
LaTeX Info: Redefining \setlength on input line 76.
LaTeX Info: Redefining \addtolength on input line 77.
\calc@Ccount=\count82
\calc@Cskip=\skip43
)
(/usr/share/texmf-texlive/tex/latex/tools/multicol.sty
Package: multicol 2008/12/05 v1.6h multicolumn formatting (FMi)
\c@tracingmulticols=\count83
\mult@box=\box26
\multicol@leftmargin=\dimen104
\c@unbalance=\count84
\c@collectmore=\count85
\doublecol@number=\count86
\multicoltolerance=\count87
\multicolpretolerance=\count88
\full@width=\dimen105
\page@free=\dimen106
\premulticols=\dimen107
\postmulticols=\dimen108
\multicolsep=\skip44
\multicolbaselineskip=\skip45
\partial@page=\box27
\last@line=\box28
\mult@rightbox=\box29
\mult@grightbox=\box30
\mult@gfirstbox=\box31
\mult@firstbox=\box32
\@tempa=\box33
\@tempa=\box34
\@tempa=\box35
\@tempa=\box36
\@tempa=\box37
\@tempa=\box38
\@tempa=\box39
\@tempa=\box40
\@tempa=\box41
\@tempa=\box42
\@tempa=\box43
\@tempa=\box44
\@tempa=\box45
\@tempa=\box46
\@tempa=\box47
\@tempa=\box48
\@tempa=\box49
\c@columnbadness=\count89
\c@finalcolumnbadness=\count90
\last@try=\dimen109
\multicolovershoot=\dimen110
\multicolundershoot=\dimen111
\mult@nat@firstbox=\box50
\colbreak@box=\box51
)
(/usr/share/texmf/tex/latex/abntex/abntex-abrev.sty
(/usr/share/texmf/tex/latex/abntex/cvs-id.def)
Package: abntex-abrev 2005/11/14 v1.4 Abreviacoes

(/usr/share/texmf/tex/latex/abntex/nbr10522-1988.def
(/usr/share/texmf/tex/latex/abntex/cvs-id.def)
File: nbr10522-1988.def 2003/10/13 v1.2 Abreviacoes bibliograficas (NBR10522:19
88)
)
(/usr/share/texmf/tex/latex/abntex/abntex-abrev-pt_BR.def
(/usr/share/texmf/tex/latex/abntex/cvs-id.def)
File: abntex-abrev-pt_BR.def 2005/11/14 v1.3 definicao de abntex-abrev, traduca
o de termos en_US/pt_BR
))
(/usr/share/texmf/tex/latex/abntex/abntex-text.sty
(/usr/share/texmf/tex/latex/abntex/cvs-id.def)
Package: abntex-text 2005/11/14 v1.1 abnTeX text replacements

(/usr/share/texmf/tex/latex/abntex/abntex-text-pt_BR.def
(/usr/share/texmf/tex/latex/abntex/cvs-id.def)
File: abntex-text-pt_BR.def 2005/12/21 v1.2 Definicao de nomes em Portugues/Bra
sil (pt_BR)
))
(/usr/share/texmf/tex/latex/abntex/abntex-default-design.sty
(/usr/share/texmf/tex/latex/abntex/cvs-id.def)
Package: abntex-default-design 2005/06/22 v1.2 Definicoes de design padrao do a
bntex

(/usr/share/texmf-texlive/tex/latex/ltxmisc/relsize.sty
Package: relsize 2003/07/04 ver 3.1


Package relsize Warning: Failed to get list of font sizes.
(relsize)                Falling back to old definition. on input line 81.

)
\ABNTanapindent=\skip46
\ABNTsignwidth=\skip47
\ABNTsignthickness=\skip48
\ABNTsignskip=\skip49
) (/usr/share/texmf/tex/latex/abntex/nbr6027-1989.def)
(/usr/share/texmf/tex/latex/abntex/nbr14724-2001.def)
(/usr/share/texmf-texlive/tex/latex/base/report.cls
Document Class: report 2007/10/19 v1.4h Standard LaTeX document class
(/usr/share/texmf-texlive/tex/latex/base/size12.clo
File: size12.clo 2007/10/19 v1.4h Standard LaTeX file (size option)
)
\c@part=\count91
\c@chapter=\count92
\c@section=\count93
\c@subsection=\count94
\c@subsubsection=\count95
\c@paragraph=\count96
\c@subparagraph=\count97
\c@figure=\count98
\c@table=\count99
\abovecaptionskip=\skip50
\belowcaptionskip=\skip51
\bibindent=\dimen112
)
(/usr/share/texmf-texlive/tex/latex/setspace/setspace.sty
Package: setspace 2000/12/01 6.7 Contributed and Supported LaTeX2e package

Package: `setspace' 6.7 <2000/12/01>
) (/usr/share/texmf-texlive/tex/latex/psnfss/mathptmx.sty
Package: mathptmx 2005/04/12 PSNFSS-v9.2a Times w/ Math, improved (SPQR, WaS) 
LaTeX Font Info:    Redeclaring symbol font `operators' on input line 28.
LaTeX Font Info:    Overwriting symbol font `operators' in version `normal'
(Font)                  OT1/cmr/m/n --> OT1/ztmcm/m/n on input line 28.
LaTeX Font Info:    Overwriting symbol font `operators' in version `bold'
(Font)                  OT1/cmr/bx/n --> OT1/ztmcm/m/n on input line 28.
LaTeX Font Info:    Redeclaring symbol font `letters' on input line 29.
LaTeX Font Info:    Overwriting symbol font `letters' in version `normal'
(Font)                  OML/cmm/m/it --> OML/ztmcm/m/it on input line 29.
LaTeX Font Info:    Overwriting symbol font `letters' in version `bold'
(Font)                  OML/cmm/b/it --> OML/ztmcm/m/it on input line 29.
LaTeX Font Info:    Redeclaring symbol font `symbols' on input line 30.
LaTeX Font Info:    Overwriting symbol font `symbols' in version `normal'
(Font)                  OMS/cmsy/m/n --> OMS/ztmcm/m/n on input line 30.
LaTeX Font Info:    Overwriting symbol font `symbols' in version `bold'
(Font)                  OMS/cmsy/b/n --> OMS/ztmcm/m/n on input line 30.
LaTeX Font Info:    Redeclaring symbol font `largesymbols' on input line 31.
LaTeX Font Info:    Overwriting symbol font `largesymbols' in version `normal'
(Font)                  OMX/cmex/m/n --> OMX/ztmcm/m/n on input line 31.
LaTeX Font Info:    Overwriting symbol font `largesymbols' in version `bold'
(Font)                  OMX/cmex/m/n --> OMX/ztmcm/m/n on input line 31.
\symbold=\mathgroup4
\symitalic=\mathgroup5
LaTeX Font Info:    Redeclaring math alphabet \mathbf on input line 34.
LaTeX Font Info:    Overwriting math alphabet `\mathbf' in version `normal'
(Font)                  OT1/cmr/bx/n --> OT1/ptm/bx/n on input line 34.
LaTeX Font Info:    Overwriting math alphabet `\mathbf' in version `bold'
(Font)                  OT1/cmr/bx/n --> OT1/ptm/bx/n on input line 34.
LaTeX Font Info:    Redeclaring math alphabet \mathit on input line 35.
LaTeX Font Info:    Overwriting math alphabet `\mathit' in version `normal'
(Font)                  OT1/cmr/m/it --> OT1/ptm/m/it on input line 35.
LaTeX Font Info:    Overwriting math alphabet `\mathit' in version `bold'
(Font)                  OT1/cmr/bx/it --> OT1/ptm/m/it on input line 35.
LaTeX Info: Redefining \hbar on input line 50.
)
(/usr/share/texmf-texlive/tex/latex/psnfss/helvet.sty
Package: helvet 2005/04/12 PSNFSS-v9.2a (WaS) 

(/usr/share/texmf-texlive/tex/latex/graphics/keyval.sty
Package: keyval 1999/03/16 v1.13 key=value parser (DPC)
\KV@toks@=\toks14
))
(/usr/share/texmf-texlive/tex/latex/tools/indentfirst.sty
Package: indentfirst 1995/11/23 v1.03 Indent first paragraph (DPC)
))
\c@absfigure=\count100
\c@abstable=\count101
\c@absequation=\count102
)
(/usr/share/texmf-texlive/tex/latex/breakurl/breakurl.sty
Package: breakurl 2009/01/24 v1.30 Breakable hyperref URLs

(/usr/share/texmf-texlive/tex/latex/xkeyval/xkeyval.sty
Package: xkeyval 2008/08/13 v2.6a package option processing (HA)

(/usr/share/texmf-texlive/tex/generic/xkeyval/xkeyval.tex
\XKV@toks=\toks15
\XKV@tempa@toks=\toks16
\XKV@depth=\count103
File: xkeyval.tex 2008/08/13 v2.6a key=value parser (HA)
))
(/usr/share/texmf-texlive/tex/generic/oberdiek/ifpdf.sty
Package: ifpdf 2009/04/10 v2.0 Provides the ifpdf switch (HO)
Package ifpdf Info: pdfTeX in pdf mode detected.
)

Package breakurl Warning: You are using breakurl while processing via pdflatex.

(breakurl)                \burl will be just a synonym of \url.
(breakurl)                 on input line 47.

) (/usr/share/texmf/tex/latex/abntex/abntcite.sty
(/usr/share/texmf/tex/latex/abntex/cvs-id.def)
Package: abntcite 2006/04/25 v1.30 Chamadas de referencias no texto (NBR10520, 
NBR10522)
\minimumbiblabelwidth=\skip52
\ABCIauxlen=\skip53
\c@ABCIaux=\count104
\c@ABCImax=\count105

(/usr/share/texmf/tex/latex/abntex/nbr10520-2002.def
(/usr/share/texmf/tex/latex/abntex/cvs-id.def)
File: nbr10520-2002.def 2006/04/25 v1.4 Definicoes para abntcite (NBR10520:2002
)
)
\biblabelsep=\skip54
LaTeX Info: Redefining \newblock on input line 466.
LaTeX Info: Redefining \cite on input line 493.
\ABCItoken=\toks17
)
(/usr/share/texmf-texlive/tex/generic/babel/babel.sty
Package: babel 2008/07/06 v3.8l The Babel package

(/usr/share/texmf-texlive/tex/generic/babel/portuges.ldf
Language: portuges 2008/03/18 v1.2q Portuguese support from the babel system

(/usr/share/texmf-texlive/tex/generic/babel/babel.def
File: babel.def 2008/07/06 v3.8l Babel common definitions
\babel@savecnt=\count106
\U@D=\dimen113
)
\l@brazil = a dialect from \language\l@portuges 
Package babel Info: Making " an active character on input line 145.
))
(/usr/share/texmf-texlive/tex/latex/base/inputenc.sty
Package: inputenc 2008/03/30 v1.1d Input encoding file
\inpenc@prehook=\toks18
\inpenc@posthook=\toks19

(/usr/share/texmf-texlive/tex/latex/base/utf8.def
File: utf8.def 2008/04/05 v1.1m UTF-8 support for inputenc
Now handling font encoding OML ...
... no UTF-8 mapping file for font encoding OML
Now handling font encoding T1 ...
... processing UTF-8 mapping file for font encoding T1

(/usr/share/texmf-texlive/tex/latex/base/t1enc.dfu
File: t1enc.dfu 2008/04/05 v1.1m UTF-8 support for inputenc
   defining Unicode char U+00A1 (decimal 161)
   defining Unicode char U+00A3 (decimal 163)
   defining Unicode char U+00AB (decimal 171)
   defining Unicode char U+00BB (decimal 187)
   defining Unicode char U+00BF (decimal 191)
   defining Unicode char U+00C0 (decimal 192)
   defining Unicode char U+00C1 (decimal 193)
   defining Unicode char U+00C2 (decimal 194)
   defining Unicode char U+00C3 (decimal 195)
   defining Unicode char U+00C4 (decimal 196)
   defining Unicode char U+00C5 (decimal 197)
   defining Unicode char U+00C6 (decimal 198)
   defining Unicode char U+00C7 (decimal 199)
   defining Unicode char U+00C8 (decimal 200)
   defining Unicode char U+00C9 (decimal 201)
   defining Unicode char U+00CA (decimal 202)
   defining Unicode char U+00CB (decimal 203)
   defining Unicode char U+00CC (decimal 204)
   defining Unicode char U+00CD (decimal 205)
   defining Unicode char U+00CE (decimal 206)
   defining Unicode char U+00CF (decimal 207)
   defining Unicode char U+00D0 (decimal 208)
   defining Unicode char U+00D1 (decimal 209)
   defining Unicode char U+00D2 (decimal 210)
   defining Unicode char U+00D3 (decimal 211)
   defining Unicode char U+00D4 (decimal 212)
   defining Unicode char U+00D5 (decimal 213)
   defining Unicode char U+00D6 (decimal 214)
   defining Unicode char U+00D8 (decimal 216)
   defining Unicode char U+00D9 (decimal 217)
   defining Unicode char U+00DA (decimal 218)
   defining Unicode char U+00DB (decimal 219)
   defining Unicode char U+00DC (decimal 220)
   defining Unicode char U+00DD (decimal 221)
   defining Unicode char U+00DE (decimal 222)
   defining Unicode char U+00DF (decimal 223)
   defining Unicode char U+00E0 (decimal 224)
   defining Unicode char U+00E1 (decimal 225)
   defining Unicode char U+00E2 (decimal 226)
   defining Unicode char U+00E3 (decimal 227)
   defining Unicode char U+00E4 (decimal 228)
   defining Unicode char U+00E5 (decimal 229)
   defining Unicode char U+00E6 (decimal 230)
   defining Unicode char U+00E7 (decimal 231)
   defining Unicode char U+00E8 (decimal 232)
   defining Unicode char U+00E9 (decimal 233)
   defining Unicode char U+00EA (decimal 234)
   defining Unicode char U+00EB (decimal 235)
   defining Unicode char U+00EC (decimal 236)
   defining Unicode char U+00ED (decimal 237)
   defining Unicode char U+00EE (decimal 238)
   defining Unicode char U+00EF (decimal 239)
   defining Unicode char U+00F0 (decimal 240)
   defining Unicode char U+00F1 (decimal 241)
   defining Unicode char U+00F2 (decimal 242)
   defining Unicode char U+00F3 (decimal 243)
   defining Unicode char U+00F4 (decimal 244)
   defining Unicode char U+00F5 (decimal 245)
   defining Unicode char U+00F6 (decimal 246)
   defining Unicode char U+00F8 (decimal 248)
   defining Unicode char U+00F9 (decimal 249)
   defining Unicode char U+00FA (decimal 250)
   defining Unicode char U+00FB (decimal 251)
   defining Unicode char U+00FC (decimal 252)
   defining Unicode char U+00FD (decimal 253)
   defining Unicode char U+00FE (decimal 254)
   defining Unicode char U+00FF (decimal 255)
   defining Unicode char U+0102 (decimal 258)
   defining Unicode char U+0103 (decimal 259)
   defining Unicode char U+0104 (decimal 260)
   defining Unicode char U+0105 (decimal 261)
   defining Unicode char U+0106 (decimal 262)
   defining Unicode char U+0107 (decimal 263)
   defining Unicode char U+010C (decimal 268)
   defining Unicode char U+010D (decimal 269)
   defining Unicode char U+010E (decimal 270)
   defining Unicode char U+010F (decimal 271)
   defining Unicode char U+0110 (decimal 272)
   defining Unicode char U+0111 (decimal 273)
   defining Unicode char U+0118 (decimal 280)
   defining Unicode char U+0119 (decimal 281)
   defining Unicode char U+011A (decimal 282)
   defining Unicode char U+011B (decimal 283)
   defining Unicode char U+011E (decimal 286)
   defining Unicode char U+011F (decimal 287)
   defining Unicode char U+0130 (decimal 304)
   defining Unicode char U+0131 (decimal 305)
   defining Unicode char U+0132 (decimal 306)
   defining Unicode char U+0133 (decimal 307)
   defining Unicode char U+0139 (decimal 313)
   defining Unicode char U+013A (decimal 314)
   defining Unicode char U+013D (decimal 317)
   defining Unicode char U+013E (decimal 318)
   defining Unicode char U+0141 (decimal 321)
   defining Unicode char U+0142 (decimal 322)
   defining Unicode char U+0143 (decimal 323)
   defining Unicode char U+0144 (decimal 324)
   defining Unicode char U+0147 (decimal 327)
   defining Unicode char U+0148 (decimal 328)
   defining Unicode char U+014A (decimal 330)
   defining Unicode char U+014B (decimal 331)
   defining Unicode char U+0150 (decimal 336)
   defining Unicode char U+0151 (decimal 337)
   defining Unicode char U+0152 (decimal 338)
   defining Unicode char U+0153 (decimal 339)
   defining Unicode char U+0154 (decimal 340)
   defining Unicode char U+0155 (decimal 341)
   defining Unicode char U+0158 (decimal 344)
   defining Unicode char U+0159 (decimal 345)
   defining Unicode char U+015A (decimal 346)
   defining Unicode char U+015B (decimal 347)
   defining Unicode char U+015E (decimal 350)
   defining Unicode char U+015F (decimal 351)
   defining Unicode char U+0160 (decimal 352)
   defining Unicode char U+0161 (decimal 353)
   defining Unicode char U+0162 (decimal 354)
   defining Unicode char U+0163 (decimal 355)
   defining Unicode char U+0164 (decimal 356)
   defining Unicode char U+0165 (decimal 357)
   defining Unicode char U+016E (decimal 366)
   defining Unicode char U+016F (decimal 367)
   defining Unicode char U+0170 (decimal 368)
   defining Unicode char U+0171 (decimal 369)
   defining Unicode char U+0178 (decimal 376)
   defining Unicode char U+0179 (decimal 377)
   defining Unicode char U+017A (decimal 378)
   defining Unicode char U+017B (decimal 379)
   defining Unicode char U+017C (decimal 380)
   defining Unicode char U+017D (decimal 381)
   defining Unicode char U+017E (decimal 382)
   defining Unicode char U+200C (decimal 8204)
   defining Unicode char U+2013 (decimal 8211)
   defining Unicode char U+2014 (decimal 8212)
   defining Unicode char U+2018 (decimal 8216)
   defining Unicode char U+2019 (decimal 8217)
   defining Unicode char U+201A (decimal 8218)
   defining Unicode char U+201C (decimal 8220)
   defining Unicode char U+201D (decimal 8221)
   defining Unicode char U+201E (decimal 8222)
   defining Unicode char U+2030 (decimal 8240)
   defining Unicode char U+2031 (decimal 8241)
   defining Unicode char U+2039 (decimal 8249)
   defining Unicode char U+203A (decimal 8250)
   defining Unicode char U+2423 (decimal 9251)
)
Now handling font encoding OT1 ...
... processing UTF-8 mapping file for font encoding OT1

(/usr/share/texmf-texlive/tex/latex/base/ot1enc.dfu
File: ot1enc.dfu 2008/04/05 v1.1m UTF-8 support for inputenc
   defining Unicode char U+00A1 (decimal 161)
   defining Unicode char U+00A3 (decimal 163)
   defining Unicode char U+00B8 (decimal 184)
   defining Unicode char U+00BF (decimal 191)
   defining Unicode char U+00C5 (decimal 197)
   defining Unicode char U+00C6 (decimal 198)
   defining Unicode char U+00D8 (decimal 216)
   defining Unicode char U+00DF (decimal 223)
   defining Unicode char U+00E6 (decimal 230)
   defining Unicode char U+00EC (decimal 236)
   defining Unicode char U+00ED (decimal 237)
   defining Unicode char U+00EE (decimal 238)
   defining Unicode char U+00EF (decimal 239)
   defining Unicode char U+00F8 (decimal 248)
   defining Unicode char U+0131 (decimal 305)
   defining Unicode char U+0141 (decimal 321)
   defining Unicode char U+0142 (decimal 322)
   defining Unicode char U+0152 (decimal 338)
   defining Unicode char U+0153 (decimal 339)
   defining Unicode char U+2013 (decimal 8211)
   defining Unicode char U+2014 (decimal 8212)
   defining Unicode char U+2018 (decimal 8216)
   defining Unicode char U+2019 (decimal 8217)
   defining Unicode char U+201C (decimal 8220)
   defining Unicode char U+201D (decimal 8221)
)
Now handling font encoding OMS ...
... processing UTF-8 mapping file for font encoding OMS

(/usr/share/texmf-texlive/tex/latex/base/omsenc.dfu
File: omsenc.dfu 2008/04/05 v1.1m UTF-8 support for inputenc
   defining Unicode char U+00A7 (decimal 167)
   defining Unicode char U+00B6 (decimal 182)
   defining Unicode char U+00B7 (decimal 183)
   defining Unicode char U+2020 (decimal 8224)
   defining Unicode char U+2021 (decimal 8225)
   defining Unicode char U+2022 (decimal 8226)
)
Now handling font encoding OMX ...
... no UTF-8 mapping file for font encoding OMX
Now handling font encoding U ...
... no UTF-8 mapping file for font encoding U
   defining Unicode char U+00A9 (decimal 169)
   defining Unicode char U+00AA (decimal 170)
   defining Unicode char U+00AE (decimal 174)
   defining Unicode char U+00BA (decimal 186)
   defining Unicode char U+02C6 (decimal 710)
   defining Unicode char U+02DC (decimal 732)
   defining Unicode char U+200C (decimal 8204)
   defining Unicode char U+2026 (decimal 8230)
   defining Unicode char U+2122 (decimal 8482)
   defining Unicode char U+2423 (decimal 9251)
))
(/usr/share/texmf-texlive/tex/latex/amsmath/amsmath.sty
Package: amsmath 2000/07/18 v2.13 AMS math features
\@mathmargin=\skip55

For additional information on amsmath, use the `?' option.
(/usr/share/texmf-texlive/tex/latex/amsmath/amstext.sty
Package: amstext 2000/06/29 v2.01

(/usr/share/texmf-texlive/tex/latex/amsmath/amsgen.sty
File: amsgen.sty 1999/11/30 v2.0
\@emptytoks=\toks20
\ex@=\dimen114
))
(/usr/share/texmf-texlive/tex/latex/amsmath/amsbsy.sty
Package: amsbsy 1999/11/29 v1.2d
\pmbraise@=\dimen115
)
(/usr/share/texmf-texlive/tex/latex/amsmath/amsopn.sty
Package: amsopn 1999/12/14 v2.01 operator names
)
\inf@bad=\count107
LaTeX Info: Redefining \frac on input line 211.
\uproot@=\count108
\leftroot@=\count109
LaTeX Info: Redefining \overline on input line 307.
\classnum@=\count110
\DOTSCASE@=\count111
LaTeX Info: Redefining \ldots on input line 379.
LaTeX Info: Redefining \dots on input line 382.
LaTeX Info: Redefining \cdots on input line 467.
\Mathstrutbox@=\box52
\strutbox@=\box53
\big@size=\dimen116
LaTeX Font Info:    Redeclaring font encoding OML on input line 567.
LaTeX Font Info:    Redeclaring font encoding OMS on input line 568.
\macc@depth=\count112
\c@MaxMatrixCols=\count113
\dotsspace@=\muskip10
\c@parentequation=\count114
\dspbrk@lvl=\count115
\tag@help=\toks21
\row@=\count116
\column@=\count117
\maxfields@=\count118
\andhelp@=\toks22
\eqnshift@=\dimen117
\alignsep@=\dimen118
\tagshift@=\dimen119
\tagwidth@=\dimen120
\totwidth@=\dimen121
\lineht@=\dimen122
\@envbody=\toks23
\multlinegap=\skip56
\multlinetaggap=\skip57
\mathdisplay@stack=\toks24
LaTeX Info: Redefining \[ on input line 2666.
LaTeX Info: Redefining \] on input line 2667.
)
(/usr/share/texmf-texlive/tex/latex/graphics/graphicx.sty
Package: graphicx 1999/02/16 v1.0f Enhanced LaTeX Graphics (DPC,SPQR)

(/usr/share/texmf-texlive/tex/latex/graphics/graphics.sty
Package: graphics 2009/02/05 v1.0o Standard LaTeX Graphics (DPC,SPQR)

(/usr/share/texmf-texlive/tex/latex/graphics/trig.sty
Package: trig 1999/03/16 v1.09 sin cos tan (DPC)
)
(/etc/texmf/tex/latex/config/graphics.cfg
File: graphics.cfg 2009/08/28 v1.8 graphics configuration of TeX Live
)
Package graphics Info: Driver file: pdftex.def on input line 91.

(/usr/share/texmf-texlive/tex/latex/pdftex-def/pdftex.def
File: pdftex.def 2010/03/12 v0.04p Graphics/color for pdfTeX
\Gread@gobject=\count119
))
\Gin@req@height=\dimen123
\Gin@req@width=\dimen124
)
(/usr/share/texmf-texlive/tex/latex/subfig/subfig.sty
Package: subfig 2005/06/28 ver: 1.3 subfig package

(/usr/share/texmf-texlive/tex/latex/caption/caption.sty
Package: caption 2009/10/09 v3.1k Customizing captions (AR)

(/usr/share/texmf-texlive/tex/latex/caption/caption3.sty
Package: caption3 2009/10/09 v3.1k caption3 kernel (AR)
\captionmargin=\dimen125
\captionmargin@=\dimen126
\captionwidth=\dimen127
\caption@indent=\dimen128
\caption@parindent=\dimen129
\caption@hangindent=\dimen130
Package caption Info: Unknown document class (or package),
(caption)             standard defaults will be used on input line 1068.
)

Package caption Warning: Unsupported document class (or package) detected,
(caption)                usage of the caption package is not recommended.
See the caption package documentation for explanation.

Package caption Info: \@makecaption = \long macro:#1#2-> \vskip \abovecaptionsk
ip \sbox \@tempboxa {{\captionfonts \textbf {#1: #2}}}\ifdim \wd \@tempboxa >\h
size {\captionfonts \textbf {#1: #2}\par } \else \hbox to\hsize {\hfil \box \@t
empboxa \hfil }\fi \vskip \belowcaptionskip .
\c@ContinuedFloat=\count120
)
\c@KVtest=\count121
\sf@farskip=\skip58
\sf@captopadj=\dimen131
\sf@capskip=\skip59
\sf@nearskip=\skip60
\c@subfigure=\count122
\c@subfigure@save=\count123
\c@lofdepth=\count124
\c@subtable=\count125
\c@subtable@save=\count126
\c@lotdepth=\count127
\sf@top=\skip61
\sf@bottom=\skip62
) (/usr/share/texmf-texlive/tex/latex/psnfss/times.sty
Package: times 2005/04/12 PSNFSS-v9.2a (SPQR) 
)
(/usr/share/texmf-texlive/tex/latex/fancyref/fancyref.sty
Package: fancyref 1999/02/03 v0.9c Fancy cross-referencing

(/usr/share/texmf-texlive/tex/latex/tools/varioref.sty
Package: varioref 2009/09/13 v1.4w package for extended references (FMi)
\c@vrcnt=\count128
))
(/usr/share/texmf-texlive/tex/latex/float/float.sty
Package: float 2001/11/08 v1.3d Float enhancements (AL)
\c@float@type=\count129
\float@exts=\toks25
\float@box=\box54
\@float@everytoks=\toks26
\@floatcapt=\box55
)
(/usr/share/texmf-texlive/tex/latex/pdfpages/pdfpages.sty
Package: pdfpages 2009/02/07 v0.4g Insert pages of external PDF documents (AM)

(/usr/share/texmf-texlive/tex/latex/eso-pic/eso-pic.sty
Package: eso-pic 2006/07/14 v1.1d eso-pic (RN)

(/usr/share/texmf-texlive/tex/latex/ms/everyshi.sty
Package: everyshi 2001/05/15 v3.00 EveryShipout Package (MS)
))
(/usr/share/texmf-texlive/tex/latex/pdfpages/pppdftex.def
File: pppdftex.def 2009/02/07 v0.4g Pdfpages driver for pdfTeX (AM)
)
\AM@pagebox=\box56
\AM@toc@title=\toks27
\c@AM@survey=\count130
\AM@templatesizebox=\box57
)
(/usr/share/texmf-texlive/tex/latex/enumitem/enumitem.sty
Package: enumitem 2009/05/18 v2.2 Customized lists
\enit@toks=\toks28
\labelindent=\skip63
\enit@outerparindent=\dimen132
\enitdp@desc=\count131
)
(/usr/share/texmf-texlive/tex/latex/tools/longtable.sty
Package: longtable 2004/02/01 v4.11 Multi-page Table package (DPC)
\LTleft=\skip64
\LTright=\skip65
\LTpre=\skip66
\LTpost=\skip67
\LTchunksize=\count132
\LTcapwidth=\dimen133
\LT@head=\box58
\LT@firsthead=\box59
\LT@foot=\box60
\LT@lastfoot=\box61
\LT@cols=\count133
\LT@rows=\count134
\c@LT@tables=\count135
\c@LT@chunks=\count136
\LT@p@ftn=\toks29
)
(/usr/share/texmf-texlive/tex/latex/amsfonts/amssymb.sty
Package: amssymb 2009/06/22 v3.00

(/usr/share/texmf-texlive/tex/latex/amsfonts/amsfonts.sty
Package: amsfonts 2009/06/22 v3.00 Basic AMSFonts support
\symAMSa=\mathgroup6
\symAMSb=\mathgroup7
LaTeX Font Info:    Overwriting math alphabet `\mathfrak' in version `bold'
(Font)                  U/euf/m/n --> U/euf/b/n on input line 96.
))
(/usr/share/texmf-texlive/tex/latex/mh/empheq.sty
Package: empheq 2007/12/03 v2.12 Emphasizing equations (MH)

(/usr/share/texmf-texlive/tex/latex/mh/mhsetup.sty
Package: mhsetup 2007/12/03 v1.2 programming setup (MH)
)
(/usr/share/texmf-texlive/tex/latex/mh/mathtools.sty
Package: mathtools 2008/08/01 v1.06 mathematical typesetting tools (MH)
\g_MT_multlinerow_int=\count137
\l_MT_multwidth_dim=\dimen134
)
\l_EQ_equationtype_int=\count138
\l_EQ_alignmentmode_int=\count139
\l_EQ_totalwidth_dim=\dimen135
\l_EQ_displaywidth_dim=\dimen136
\l_EQ_temp_linewidth_dim=\dimen137
\EmphEqdelimitershortfall=\dimen138
\EmphEqdelimiterfactor=\count140
\g_EQ_toptag_height_dim=\dimen139
\g_EQ_bottomtag_depth_dim=\dimen140
\g_EQ_toprow_height_dim=\dimen141
\g_EQ_bottomrow_depth_dim=\dimen142
\g_EQ_widesttag_dim=\dimen143
\EQ_mathdisplay_box=\box62
\EQ_tag_box=\box63
\g_EQ_temprow_int=\count141
)
(/usr/share/texmf-texlive/tex/latex/tools/bm.sty
Package: bm 2004/02/26 v1.1c Bold Symbol Support (DPC/FMi)
LaTeX Info: Redefining \bm on input line 204.
)
(/usr/share/texmf-texlive/tex/latex/booktabs/booktabs.sty
Package: booktabs 2005/04/14 v1.61803 publication quality tables
\heavyrulewidth=\dimen144
\lightrulewidth=\dimen145
\cmidrulewidth=\dimen146
\belowrulesep=\dimen147
\belowbottomsep=\dimen148
\aboverulesep=\dimen149
\abovetopsep=\dimen150
\cmidrulesep=\dimen151
\cmidrulekern=\dimen152
\defaultaddspace=\dimen153
\@cmidla=\count142
\@cmidlb=\count143
\@aboverulesep=\dimen154
\@belowrulesep=\dimen155
\@thisruleclass=\count144
\@lastruleclass=\count145
\@thisrulewidth=\dimen156
)
(/usr/share/texmf-texlive/tex/latex/multirow/multirow.sty
\bigstrutjot=\dimen157
) (./entregavel4.aux)
\openout1 = `entregavel4.aux'.

LaTeX Font Info:    Checking defaults for OML/cmm/m/it on input line 57.
LaTeX Font Info:    ... okay on input line 57.
LaTeX Font Info:    Checking defaults for T1/cmr/m/n on input line 57.
LaTeX Font Info:    ... okay on input line 57.
LaTeX Font Info:    Checking defaults for OT1/cmr/m/n on input line 57.
LaTeX Font Info:    ... okay on input line 57.
LaTeX Font Info:    Checking defaults for OMS/cmsy/m/n on input line 57.
LaTeX Font Info:    ... okay on input line 57.
LaTeX Font Info:    Checking defaults for OMX/cmex/m/n on input line 57.
LaTeX Font Info:    ... okay on input line 57.
LaTeX Font Info:    Checking defaults for U/cmr/m/n on input line 57.
LaTeX Font Info:    ... okay on input line 57.
LaTeX Font Info:    Try loading font information for OT1+ptm on input line 57.

(/usr/share/texmf-texlive/tex/latex/psnfss/ot1ptm.fd
File: ot1ptm.fd 2001/06/04 font definitions for OT1/ptm.
)
(/usr/share/texmf-texlive/tex/context/base/supp-pdf.mkii
[Loading MPS to PDF converter (version 2006.09.02).]
\scratchcounter=\count146
\scratchdimen=\dimen158
\scratchbox=\box64
\nofMPsegments=\count147
\nofMParguments=\count148
\everyMPshowfont=\toks30
\MPscratchCnt=\count149
\MPscratchDim=\dimen159
\MPnumerator=\count150
\everyMPtoPDFconversion=\toks31
)
Package caption Info: Begin \AtBeginDocument code.
Package caption3 Info: subfig package 1.2 or 1.3 is loaded.
LaTeX Info: Redefining \subref on input line 57.
Package caption Info: float package is loaded.
Package caption Info: longtable package is loaded.
 (/usr/share/texmf-texlive/tex/latex/caption/ltcaption.sty
Package: ltcaption 2008/03/28 v1.2 longtable captions (AR)
)
Package caption Info: End \AtBeginDocument code.

ABD: EveryShipout initializing macros
(/usr/share/texmf-texlive/tex/latex/graphics/color.sty
Package: color 2005/11/14 v1.0j Standard LaTeX Color (DPC)

(/etc/texmf/tex/latex/config/color.cfg
File: color.cfg 2007/01/18 v1.5 color configuration of teTeX/TeXLive
)
Package color Info: Driver file: pdftex.def on input line 130.
)
\Hy@linkcounter=\count151
LaTeX Font Info:    Font shape `OT1/ptm/bx/n' in size <14.4> not available
(Font)              Font shape `OT1/ptm/b/n' tried instead on input line 59.
LaTeX Font Info:    Try loading font information for OT1+ztmcm on input line 59
.

(/usr/share/texmf-texlive/tex/latex/psnfss/ot1ztmcm.fd
File: ot1ztmcm.fd 2000/01/03 Fontinst v1.801 font definitions for OT1/ztmcm.
)
LaTeX Font Info:    Try loading font information for OML+ztmcm on input line 59
.

(/usr/share/texmf-texlive/tex/latex/psnfss/omlztmcm.fd
File: omlztmcm.fd 2000/01/03 Fontinst v1.801 font definitions for OML/ztmcm.
)
LaTeX Font Info:    Try loading font information for OMS+ztmcm on input line 59
.

(/usr/share/texmf-texlive/tex/latex/psnfss/omsztmcm.fd
File: omsztmcm.fd 2000/01/03 Fontinst v1.801 font definitions for OMS/ztmcm.
)
LaTeX Font Info:    Try loading font information for OMX+ztmcm on input line 59
.

(/usr/share/texmf-texlive/tex/latex/psnfss/omxztmcm.fd
File: omxztmcm.fd 2000/01/03 Fontinst v1.801 font definitions for OMX/ztmcm.
)
LaTeX Font Info:    Font shape `OT1/ptm/bx/n' in size <12> not available
(Font)              Font shape `OT1/ptm/b/n' tried instead on input line 59.
LaTeX Font Info:    Font shape `OT1/ptm/bx/n' in size <9> not available
(Font)              Font shape `OT1/ptm/b/n' tried instead on input line 59.
LaTeX Font Info:    Font shape `OT1/ptm/bx/n' in size <7> not available
(Font)              Font shape `OT1/ptm/b/n' tried instead on input line 59.
 [1

{/var/lib/texmf/fonts/map/pdftex/updmap/pdftex.map}] [1] (./entregavel4.toc)
\tf@toc=\write3
\openout3 = `entregavel4.toc'.

 [1


]
(./deliverable4_intro.tex
Cap\'{\i }tulo 1.

Overfull \hbox (2.28294pt too wide) in paragraph at lines 3--4
[]\OT1/ptm/m/n/12 Conforme es-ta-be-le-cido na rela[][]ao de \OT1/ptm/m/it/12 d
e-li-ve-ra-bles \OT1/ptm/m/n/12 do do-cu-mento de an[]alise tec-nol[]ogica,
 []

[3


]) (./modelagem_uml.tex [4]
Cap\'{\i }tulo 2.
[5

]
<./figuras/estacaoBase/usecase_estacao_base.jpg, id=23, 1302.36563pt x 846.9140
6pt>
File: ./figuras/estacaoBase/usecase_estacao_base.jpg Graphic file (type jpg)
 <use ./figuras/estacaoBase/usecase_estacao_base.jpg> [6]
<./figuras/sistEmbarcado/usecase_linux_embarcado.jpg, id=28, 1157.07281pt x 796
.47563pt>
File: ./figuras/sistEmbarcado/usecase_linux_embarcado.jpg Graphic file (type jp
g)
 <use ./figuras/sistEmbarcado/usecase_linux_embarcado.jpg>
<./figuras/sistEmbarcado/usecase_placa_baixo_nivel.jpg, id=29, 1102.87032pt x 7
88.9475pt>
File: ./figuras/sistEmbarcado/usecase_placa_baixo_nivel.jpg Graphic file (type 
jpg)
 <use ./figuras/sistEmbarcado/usecase_placa_baixo_nivel.jpg> [7 <./figuras/esta
caoBase/usecase_estacao_base.jpg> <./figuras/sistEmbarcado/usecase_linux_embarc
ado.jpg>]
<./figuras/estacaoBase/class_estacaoBase.jpg, id=33, 5491.01437pt x 4650.12282p
t>
File: ./figuras/estacaoBase/class_estacaoBase.jpg Graphic file (type jpg)
 <use ./figuras/estacaoBase/class_estacaoBase.jpg> [8 <./figuras/sistEmbarcado/
usecase_placa_baixo_nivel.jpg>]

LaTeX Warning: `h' float specifier changed to `ht'.

[9 <./figuras/estacaoBase/class_estacaoBase.jpg>]
Underfull \hbox (badness 4328) in paragraph at lines 118--118
[]\OT1/ptm/m/n/12 Respons[]avel por re-pre-sen-tar o rob[]o, este
 []


LaTeX Warning: `h' float specifier changed to `ht'.

[10]
Underfull \hbox (badness 2790) in paragraph at lines 145--145
[]\OT1/ptm/m/n/12 Thread res-pons[]avel pelo pro-ces-sa-mento de
 []


LaTeX Warning: `h' float specifier changed to `ht'.


LaTeX Warning: `h' float specifier changed to `ht'.


<./figuras/sistEmbarcado/class_sistEmbarcado.jpg, id=43, 2670.97874pt x 1349.79
282pt>
File: ./figuras/sistEmbarcado/class_sistEmbarcado.jpg Graphic file (type jpg)
 <use ./figuras/sistEmbarcado/class_sistEmbarcado.jpg> [11] [12])
(./protocolo.tex [13 <./figuras/sistEmbarcado/class_sistEmbarcado.jpg>]
[14] (./codificacao_mensagens.tex
LaTeX Font Info:    Try loading font information for OMS+ptm on input line 5.

(/usr/share/texmf-texlive/tex/latex/psnfss/omsptm.fd
File: omsptm.fd 
)
LaTeX Font Info:    Font shape `OMS/ptm/m/n' in size <12> not available
(Font)              Font shape `OMS/cmsy/m/n' tried instead on input line 5.
 [15] [16] [17]
Underfull \hbox (badness 10000) in paragraph at lines 135--146

 []

[18]) [19]
<./figuras/estacaoBase/statemachine_conexao_estacaoBase.jpg, id=74, 939.51pt x 
993.7125pt>
File: ./figuras/estacaoBase/statemachine_conexao_estacaoBase.jpg Graphic file (
type jpg)
 <use ./figuras/estacaoBase/statemachine_conexao_estacaoBase.jpg>
[20]
<./figuras/sistEmbarcado/statemachine_conexao_sistEmbarcado.jpg, id=78, 942.521
26pt x 928.21782pt>
File: ./figuras/sistEmbarcado/statemachine_conexao_sistEmbarcado.jpg Graphic fi
le (type jpg)

<use ./figuras/sistEmbarcado/statemachine_conexao_sistEmbarcado.jpg> [21 <./fig
uras/estacaoBase/statemachine_conexao_estacaoBase.jpg>]
<./figuras/statemachine_Sender.jpg, id=82, 856.70062pt x 660.21657pt>
File: ./figuras/statemachine_Sender.jpg Graphic file (type jpg)

<use ./figuras/statemachine_Sender.jpg> [22 <./figuras/sistEmbarcado/statemachi
ne_conexao_sistEmbarcado.jpg>]
<./figuras/statemachine_Receiver.jpg, id=86, 750.55406pt x 497.60907pt>
File: ./figuras/statemachine_Receiver.jpg Graphic file (type jpg)

<use ./figuras/statemachine_Receiver.jpg> [23 <./figuras/statemachine_Sender.jp
g>] <./figuras/statemachine_Processor.jpg, id=90, 713.66624pt x 566.115pt>
File: ./figuras/statemachine_Processor.jpg Graphic file (type jpg)

<use ./figuras/statemachine_Processor.jpg> [24 <./figuras/statemachine_Receiver
.jpg>]
<./figuras/sistEmbarcado/statemachine_motores_sistEmbarcado.jpg, id=95, 924.453
75pt x 512.66531pt>
File: ./figuras/sistEmbarcado/statemachine_motores_sistEmbarcado.jpg Graphic fi
le (type jpg)

<use ./figuras/sistEmbarcado/statemachine_motores_sistEmbarcado.jpg> [25 <./fig
uras/statemachine_Processor.jpg>]
<./figuras/sistEmbarcado/statemachine_AmostragemSensores_sistEmbarcado.jpg, id=
99, 784.43062pt x 566.115pt>
File: ./figuras/sistEmbarcado/statemachine_AmostragemSensores_sistEmbarcado.jpg
 Graphic file (type jpg)

<use ./figuras/sistEmbarcado/statemachine_AmostragemSensores_sistEmbarcado.jpg>

<./figuras/estacaoBase/statemachine_webcam_estacaoBase.jpg, id=100, 551.05875pt
 x 506.6428pt>
File: ./figuras/estacaoBase/statemachine_webcam_estacaoBase.jpg Graphic file (t
ype jpg)
 <use ./figuras/estacaoBase/statemachine_webcam_estacaoBase.jpg>
[26 <./figuras/sistEmbarcado/statemachine_motores_sistEmbarcado.jpg> <./figuras
/sistEmbarcado/statemachine_AmostragemSensores_sistEmbarcado.jpg>]
<./figuras/sistEmbarcado/statemachine_webcam_sistEmbarcado.jpg, id=104, 596.227
5pt x 476.53032pt>
File: ./figuras/sistEmbarcado/statemachine_webcam_sistEmbarcado.jpg Graphic fil
e (type jpg)

<use ./figuras/sistEmbarcado/statemachine_webcam_sistEmbarcado.jpg> [27 <./figu
ras/estacaoBase/statemachine_webcam_estacaoBase.jpg>]
<./figuras/estacaoBase/sequence_motores_estacaoBase.jpg, id=108, 805.50937pt x 
460.72125pt>
File: ./figuras/estacaoBase/sequence_motores_estacaoBase.jpg Graphic file (type
 jpg)
 <use ./figuras/estacaoBase/sequence_motores_estacaoBase.jpg>
[28 <./figuras/sistEmbarcado/statemachine_webcam_sistEmbarcado.jpg>]
<./figuras/sistEmbarcado/sequence_motores_sistEmbarcado.jpg, id=112, 1238.37656
pt x 530.73282pt>
File: ./figuras/sistEmbarcado/sequence_motores_sistEmbarcado.jpg Graphic file (
type jpg)

<use ./figuras/sistEmbarcado/sequence_motores_sistEmbarcado.jpg>
<./figuras/sistEmbarcado/sequence_sensores_sistEmbarcado.jpg, id=113, 916.92563
pt x 548.0475pt>
File: ./figuras/sistEmbarcado/sequence_sensores_sistEmbarcado.jpg Graphic file 
(type jpg)

<use ./figuras/sistEmbarcado/sequence_sensores_sistEmbarcado.jpg> [29 <./figura
s/estacaoBase/sequence_motores_estacaoBase.jpg> <./figuras/sistEmbarcado/sequen
ce_motores_sistEmbarcado.jpg>]
<./figuras/estacaoBase/sequence_sensores_estacaoBase.jpg, id=117, 1307.63531pt 
x 554.07pt>
File: ./figuras/estacaoBase/sequence_sensores_estacaoBase.jpg Graphic file (typ
e jpg)
 <use ./figuras/estacaoBase/sequence_sensores_estacaoBase.jpg>
<./figuras/estacaoBase/sequence_webcam_estacaoBase.jpg, id=118, 1669.73813pt x 
561.59813pt>
File: ./figuras/estacaoBase/sequence_webcam_estacaoBase.jpg Graphic file (type 
jpg)
 <use ./figuras/estacaoBase/sequence_webcam_estacaoBase.jpg>
[30 <./figuras/sistEmbarcado/sequence_sensores_sistEmbarcado.jpg> <./figuras/es
tacaoBase/sequence_sensores_estacaoBase.jpg>]
<./figuras/sistEmbarcado/sequence_webcam_sistEmbarcado.jpg, id=123, 1172.12906p
t x 536.0025pt>
File: ./figuras/sistEmbarcado/sequence_webcam_sistEmbarcado.jpg Graphic file (t
ype jpg)

<use ./figuras/sistEmbarcado/sequence_webcam_sistEmbarcado.jpg>)
(./diagrama_hardware.tex [31 <./figuras/estacaoBase/sequence_webcam_estacaoBase
.jpg> <./figuras/sistEmbarcado/sequence_webcam_sistEmbarcado.jpg>]
Cap\'{\i }tulo 3.

<./figuras/hardware/diagrama_blocos_hardware.jpg, id=127, 712.91344pt x 595.474
69pt>
File: ./figuras/hardware/diagrama_blocos_hardware.jpg Graphic file (type jpg)
 <use ./figuras/hardware/diagrama_blocos_hardware.jpg>
Overfull \hbox (4.01436pt too wide) in paragraph at lines 17--18
\OT1/ptm/m/n/12 ler[]ometro e gi-rosc[]opios. Al[]em disso pos-sui a implementa
[][]ao do pro-to-colo de comunica[][]ao
 []

[32

 <./figuras/hardware/diagrama_blocos_hardware.jpg>]
<./figuras/hardware/hardware2_2.pdf, id=131, 1690.315pt x 2392.94pt>
File: ./figuras/hardware/hardware2_2.pdf Graphic file (type pdf)

<use ./figuras/hardware/hardware2_2.pdf> [33] [34 <./figuras/hardware/hardware2
_2.pdf>] <./figuras/hardware/pcb_cima.jpg, id=142, 654.445pt x 605.26125pt>
File: ./figuras/hardware/pcb_cima.jpg Graphic file (type jpg)

<use ./figuras/hardware/pcb_cima.jpg>
<./figuras/hardware/pcb_baixo.jpg, id=143, 618.31pt x 604.2575pt>
File: ./figuras/hardware/pcb_baixo.jpg Graphic file (type jpg)

<use ./figuras/hardware/pcb_baixo.jpg>
<./figuras/hardware/pcb_pronta.jpg, id=144, 886.31125pt x 598.235pt>
File: ./figuras/hardware/pcb_pronta.jpg Graphic file (type jpg)

<use ./figuras/hardware/pcb_pronta.jpg>) (./teoria_mapa.tex [35 <./figuras/hard
ware/pcb_cima.jpg>] [36 <./figuras/hardware/pcb_baixo.jpg> <./figuras/hardware/
pcb_pronta.jpg>]
Cap\'{\i }tulo 4.
<./figuras/robo/robo.png, id=152, 602.25pt x 451.6875pt>
File: ./figuras/robo/robo.png Graphic file (type png)

<use ./figuras/robo/robo.png> [37

]
<./figuras/robo/roda_encoder.png, id=156, 481.8pt x 361.35pt>
File: ./figuras/robo/roda_encoder.png Graphic file (type png)

<use ./figuras/robo/roda_encoder.png> [38 <./figuras/robo/robo.png (PNG copy)>]
[39 <./figuras/robo/roda_encoder.png (PNG copy)>] [40] [41] [42] [43] [44]
Overfull \hbox (4.59846pt too wide) in paragraph at lines 286--287
[]\OT1/ptm/m/n/12 A ve-lo-ci-dade e acelera[][]ao an-gu-la-res po-dem ser tamb[
]em ob-ti-das por deriva[][]ao num[]erica,
 []

[45]
Overfull \hbox (7.31091pt too wide) in paragraph at lines 325--326
[]\OT1/ptm/m/n/12 Para de-ter-mi-nar a ve-lo-ci-dade e des-lo-ca-mento li-ne-a-
res a par-tir dos da-dos do ace-ler[]ometro,
 []

[46] <./figuras/robo/robo_ir.png, id=190, 602.25pt x 451.6875pt>
File: ./figuras/robo/robo_ir.png Graphic file (type png)

<use ./figuras/robo/robo_ir.png> [47] [48 <./figuras/robo/robo_ir.png (PNG copy
)>]) (./entregavel4.bbl [49]) AED: lastpage setting LastPage [50

]
+-------------------------------------------------------------------+
| Comentario, sugestao ou critica sobre o abnTeX? Entre em contato: |
|                  http://abntex.codigolivre.org.br                 |
+-------------------------------------------------------------------+
(./entregavel4.aux) ) 
Here is how much of TeX's memory you used:
 7003 strings out of 495041
 107355 string characters out of 1181897
 187052 words of memory out of 3000000
 9902 multiletter control sequences out of 15000+50000
 30332 words of font info for 69 fonts, out of 3000000 for 9000
 30 hyphenation exceptions out of 8191
 61i,14n,96p,1107b,388s stack positions out of 5000i,500n,10000p,200000b,50000s
{/usr/share/texmf-texlive/fonts/enc/dvips/base/8r.enc}</us
r/share/texmf-texlive/fonts/type1/public/amsfonts/cm/cmex10.pfb></usr/share/tex
mf-texlive/fonts/type1/public/amsfonts/cm/cmmi10.pfb></usr/share/texmf-texlive/
fonts/type1/public/amsfonts/cm/cmr10.pfb></usr/share/texmf-texlive/fonts/type1/
public/amsfonts/cm/cmsy10.pfb></usr/share/texmf-texlive/fonts/type1/urw/symbol/
usyr.pfb></usr/share/texmf-texlive/fonts/type1/urw/symbol/usyr.pfb></usr/share/
texmf-texlive/fonts/type1/urw/times/utmb8a.pfb></usr/share/texmf-texlive/fonts/
type1/urw/times/utmr8a.pfb></usr/share/texmf-texlive/fonts/type1/urw/times/utmr
i8a.pfb>
Output written on entregavel4.pdf (51 pages, 4023877 bytes).
PDF statistics:
 236 PDF objects out of 1000 (max. 8388607)
 0 named destinations out of 1000 (max. 500000)
 141 words of extra memory for PDF output out of 10000 (max. 10000000)

